#
# There is insufficient memory for the Java Runtime Environment to continue.
# Native memory allocation (mmap) failed to map 4161536 bytes. Error detail: G1 virtual space
# Possible reasons:
#   The system is out of physical RAM or swap space
#   This process is running with CompressedOops enabled, and the Java Heap may be blocking the growth of the native heap
# Possible solutions:
#   Reduce memory load on the system
#   Increase physical memory or swap space
#   Check if swap backing store is full
#   Decrease Java heap size (-Xmx/-Xms)
#   Decrease number of Java threads
#   Decrease Java thread stack sizes (-Xss)
#   Set larger code cache with -XX:ReservedCodeCacheSize=
#   JVM is running with Zero Based Compressed Oops mode in which the Java heap is
#     placed in the first 32GB address space. The Java Heap base address is the
#     maximum limit for the native heap growth. Please use -XX:HeapBaseMinAddress
#     to set the Java Heap base and to place the Java Heap above 32GB virtual address.
# This output file may be truncated or incomplete.
#
#  Out of Memory Error (os_windows.cpp:3898), pid=26188, tid=12416
#
# JRE version:  (21.0.6) (build )
# Java VM: OpenJDK 64-Bit Server VM (21.0.6+-13355223-b631.42, mixed mode, sharing, tiered, compressed oops, compressed class ptrs, g1 gc, windows-amd64)
# No core dump will be written. Minidumps are not enabled by default on client versions of Windows
#

---------------  S U M M A R Y ------------

Command Line: git4idea.http.GitAskPassApp Username for 'https://github.com': 

Host: 11th Gen Intel(R) Core(TM) i5-11400H @ 2.70GHz, 12 cores, 15G,  Windows 11 , 64 bit Build 22621 (10.0.22621.5415)
Time: Sat Jun 28 01:53:50 2025 SE Asia Standard Time elapsed time: 0.023034 seconds (0d 0h 0m 0s)

---------------  T H R E A D  ---------------

Current thread (0x00000173a4d51570):  JavaThread "Unknown thread" [_thread_in_vm, id=12416, stack(0x0000005137500000,0x0000005137600000) (1024K)]

Stack: [0x0000005137500000,0x0000005137600000]
Native frames: (J=compiled Java code, j=interpreted, Vv=VM code, C=native code)
V  [jvm.dll+0x6d05a9]
V  [jvm.dll+0x85ea73]
V  [jvm.dll+0x860fce]
V  [jvm.dll+0x8616b3]
V  [jvm.dll+0x27e6e6]
V  [jvm.dll+0x6ccf45]
V  [jvm.dll+0x6c09fa]
V  [jvm.dll+0x35535b]
V  [jvm.dll+0x35cfb6]
V  [jvm.dll+0x3aef5b]
V  [jvm.dll+0x3af218]
V  [jvm.dll+0x327a2c]
V  [jvm.dll+0x32871b]
V  [jvm.dll+0x8264b9]
V  [jvm.dll+0x3bc118]
V  [jvm.dll+0x80f768]
V  [jvm.dll+0x4502ce]
V  [jvm.dll+0x451a31]
C  [jli.dll+0x52ab]
C  [ucrtbase.dll+0x29333]
C  [KERNEL32.DLL+0x1259d]
C  [ntdll.dll+0x5af78]


---------------  P R O C E S S  ---------------

Threads class SMR info:
_java_thread_list=0x00007ffcf6a61848, length=0, elements={
}

Java Threads: ( => current thread )
Total: 0

Other Threads:
  0x00000173a71e4960 WorkerThread "GC Thread#0"                     [id=19504, stack(0x0000005137600000,0x0000005137700000) (1024K)]
  0x00000173a71f5740 ConcurrentGCThread "G1 Main Marker"            [id=22780, stack(0x0000005137700000,0x0000005137800000) (1024K)]
  0x00000173a71f6240 WorkerThread "G1 Conc#0"                       [id=25652, stack(0x0000005137800000,0x0000005137900000) (1024K)]

[error occurred during error reporting (printing all threads), id 0xc0000005, EXCEPTION_ACCESS_VIOLATION (0xc0000005) at pc=0x00007ffcf625aa67]
VM state: not at safepoint (not fully initialized)

VM Mutex/Monitor currently owned by a thread:  ([mutex/lock_event])
[0x00007ffcf6ace4a0] Heap_lock - owner thread: 0x00000173a4d51570

Heap address: 0x0000000703600000, size: 4042 MB, Compressed Oops mode: Zero based, Oop shift amount: 3

CDS archive(s) mapped at: [0x0000000000000000-0x0000000000000000-0x0000000000000000), size 0, SharedBaseAddress: 0x0000000800000000, ArchiveRelocationMode: 1.
Narrow klass base: 0x0000000000000000, Narrow klass shift: 0, Narrow klass range: 0x0

GC Precious Log:
 CardTable entry size: 512
 Card Set container configuration: InlinePtr #cards 4 size 8 Array Of Cards #cards 16 size 48 Howl #buckets 8 coarsen threshold 3686 Howl Bitmap #cards 512 size 80 coarsen threshold 460 Card regions per heap region 1 cards per card region 4096

Heap:
 garbage-first heap   total 0K, used 0K [0x0000000703600000, 0x0000000800000000)
  region size 2048K, 0 young (0K), 0 survivors (0K)
 Metaspace       used 0K, committed 0K, reserved 0K
  class space    used 0K, committed 0K, reserved 0K

Heap Regions: E=young(eden), S=young(survivor), O=old, HS=humongous(starts), HC=humongous(continues), CS=collection set, F=free, TAMS=top-at-mark-start, PB=parsable bottom

Card table byte_map: [0x00000173ba010000,0x00000173ba800000] _byte_map_base: 0x00000173b67f5000

Marking Bits: (CMBitMap*) 0x00000173a71e5060
 Bits: [0x00000173ba800000, 0x00000173be728000)

GC Heap History (0 events):
No events

Dll operation events (1 events):
Event: 0.013 Loaded shared library C:\Program Files\Android\Android Studio\jbr\bin\java.dll

Deoptimization events (0 events):
No events

Classes loaded (0 events):
No events

Classes unloaded (0 events):
No events

Classes redefined (0 events):
No events

Internal exceptions (0 events):
No events

ZGC Phase Switch (0 events):
No events

VM Operations (0 events):
No events

Memory protections (0 events):
No events

Nmethod flushes (0 events):
No events

Events (0 events):
No events


Dynamic libraries:
0x00007ff625be0000 - 0x00007ff625bea000 	C:\Program Files\Android\Android Studio\jbr\bin\java.exe
0x00007ffd5fd50000 - 0x00007ffd5ff67000 	C:\WINDOWS\SYSTEM32\ntdll.dll
0x00007ffd5f7a0000 - 0x00007ffd5f864000 	C:\WINDOWS\System32\KERNEL32.DLL
0x00007ffd5d4d0000 - 0x00007ffd5d8a2000 	C:\WINDOWS\System32\KERNELBASE.dll
0x00007ffd5d240000 - 0x00007ffd5d351000 	C:\WINDOWS\System32\ucrtbase.dll
0x00007ffd54840000 - 0x00007ffd54858000 	C:\Program Files\Android\Android Studio\jbr\bin\jli.dll
0x00007ffd435f0000 - 0x00007ffd4360b000 	C:\Program Files\Android\Android Studio\jbr\bin\VCRUNTIME140.dll
0x00007ffd5f5e0000 - 0x00007ffd5f791000 	C:\WINDOWS\System32\USER32.dll
0x00007ffd468e0000 - 0x00007ffd46b7b000 	C:\WINDOWS\WinSxS\amd64_microsoft.windows.common-controls_6595b64144ccf1df_6.0.22621.5415_none_270d77d17387d7da\COMCTL32.dll
0x00007ffd5d120000 - 0x00007ffd5d146000 	C:\WINDOWS\System32\win32u.dll
0x00007ffd5f530000 - 0x00007ffd5f559000 	C:\WINDOWS\System32\GDI32.dll
0x00007ffd5f940000 - 0x00007ffd5f9e7000 	C:\WINDOWS\System32\msvcrt.dll
0x00007ffd5d8b0000 - 0x00007ffd5d9d3000 	C:\WINDOWS\System32\gdi32full.dll
0x00007ffd5cf80000 - 0x00007ffd5d01a000 	C:\WINDOWS\System32\msvcp_win.dll
0x00007ffd5db30000 - 0x00007ffd5db61000 	C:\WINDOWS\System32\IMM32.DLL
0x00007ffd52df0000 - 0x00007ffd52dfc000 	C:\Program Files\Android\Android Studio\jbr\bin\vcruntime140_1.dll
0x00007ffd18a20000 - 0x00007ffd18aad000 	C:\Program Files\Android\Android Studio\jbr\bin\msvcp140.dll
0x00007ffcf5f20000 - 0x00007ffcf6bab000 	C:\Program Files\Android\Android Studio\jbr\bin\server\jvm.dll
0x00007ffd5f870000 - 0x00007ffd5f921000 	C:\WINDOWS\System32\ADVAPI32.dll
0x00007ffd5f9f0000 - 0x00007ffd5fa98000 	C:\WINDOWS\System32\sechost.dll
0x00007ffd5d150000 - 0x00007ffd5d178000 	C:\WINDOWS\System32\bcrypt.dll
0x00007ffd5e340000 - 0x00007ffd5e454000 	C:\WINDOWS\System32\RPCRT4.dll
0x00007ffd5e270000 - 0x00007ffd5e2e1000 	C:\WINDOWS\System32\WS2_32.dll
0x00007ffd52d50000 - 0x00007ffd52d5a000 	C:\WINDOWS\SYSTEM32\VERSION.dll
0x00007ffd5bcc0000 - 0x00007ffd5bd0d000 	C:\WINDOWS\SYSTEM32\POWRPROF.dll
0x00007ffd52d10000 - 0x00007ffd52d44000 	C:\WINDOWS\SYSTEM32\WINMM.dll
0x00007ffd5bca0000 - 0x00007ffd5bcb3000 	C:\WINDOWS\SYSTEM32\UMPDC.dll
0x00007ffd5bec0000 - 0x00007ffd5bed8000 	C:\WINDOWS\SYSTEM32\kernel.appcore.dll
0x00007ffd435e0000 - 0x00007ffd435ea000 	C:\Program Files\Android\Android Studio\jbr\bin\jimage.dll
0x00007ffd5a8a0000 - 0x00007ffd5aad3000 	C:\WINDOWS\SYSTEM32\DBGHELP.DLL
0x00007ffd5f070000 - 0x00007ffd5f403000 	C:\WINDOWS\System32\combase.dll
0x00007ffd5da50000 - 0x00007ffd5db27000 	C:\WINDOWS\System32\OLEAUT32.dll
0x00007ffd3f5e0000 - 0x00007ffd3f612000 	C:\WINDOWS\SYSTEM32\dbgcore.DLL
0x00007ffd5d020000 - 0x00007ffd5d09b000 	C:\WINDOWS\System32\bcryptPrimitives.dll
0x00007ffd34670000 - 0x00007ffd34690000 	C:\Program Files\Android\Android Studio\jbr\bin\java.dll

dbghelp: loaded successfully - version: 4.0.5 - missing functions: none
symbol engine: initialized successfully - sym options: 0x614 - pdb path: .;C:\Program Files\Android\Android Studio\jbr\bin;C:\WINDOWS\SYSTEM32;C:\WINDOWS\WinSxS\amd64_microsoft.windows.common-controls_6595b64144ccf1df_6.0.22621.5415_none_270d77d17387d7da;C:\Program Files\Android\Android Studio\jbr\bin\server

VM Arguments:
java_command: git4idea.http.GitAskPassApp Username for 'https://github.com': 
java_class_path (initial): C:/Program Files/Android/Android Studio/plugins/vcs-git/lib/git4idea-rt.jar;C:/Program Files/Android/Android Studio/lib/externalProcess-rt.jar
Launcher Type: SUN_STANDARD

[Global flags]
     intx CICompilerCount                          = 4                                         {product} {ergonomic}
     uint ConcGCThreads                            = 3                                         {product} {ergonomic}
     uint G1ConcRefinementThreads                  = 10                                        {product} {ergonomic}
   size_t G1HeapRegionSize                         = 2097152                                   {product} {ergonomic}
    uintx GCDrainStackTargetSize                   = 64                                        {product} {ergonomic}
   size_t InitialHeapSize                          = 266338304                                 {product} {ergonomic}
   size_t MarkStackSize                            = 4194304                                   {product} {ergonomic}
   size_t MaxHeapSize                              = 4238344192                                {product} {ergonomic}
   size_t MinHeapDeltaBytes                        = 2097152                                   {product} {ergonomic}
   size_t MinHeapSize                              = 8388608                                   {product} {ergonomic}
    uintx NonNMethodCodeHeapSize                   = 5839372                                {pd product} {ergonomic}
    uintx NonProfiledCodeHeapSize                  = 122909434                              {pd product} {ergonomic}
    uintx ProfiledCodeHeapSize                     = 122909434                              {pd product} {ergonomic}
    uintx ReservedCodeCacheSize                    = 251658240                              {pd product} {ergonomic}
     bool SegmentedCodeCache                       = true                                      {product} {ergonomic}
   size_t SoftMaxHeapSize                          = 4238344192                             {manageable} {ergonomic}
     bool UseCompressedOops                        = true                           {product lp64_product} {ergonomic}
     bool UseG1GC                                  = true                                      {product} {ergonomic}
     bool UseLargePagesIndividualAllocation        = false                                  {pd product} {ergonomic}

Logging:
Log output configuration:
 #0: stdout all=warning uptime,level,tags foldmultilines=false
 #1: stderr all=off uptime,level,tags foldmultilines=false

Environment Variables:
PATH=C:/Program Files/Git/mingw64/libexec/git-core;C:/Program Files/Git/mingw64/libexec/git-core;C:\Program Files\Git\mingw64\bin;C:\Program Files\Git\usr\bin;C:\Users\acer\bin;c:\Users\acer\AppData\Local\Programs\cursor\resources\app\bin;C:\Program Files\Google\Chrome\Application;C:\Program Files\ImageMagick-7.1.1-Q16-HDRI;C:\Program Files\Common Files\Oracle\Java\javapath;c:\Users\acer\AppData\Local\Programs\cursor\resources\app\bin;C:\Users\acer\AppData\Local\Programs\Python\Python311\Scripts;C:\Program Files (x86)\Common Files\Intel\Shared Libraries\redist\intel64\compiler;C:\Windows\system32;C:\Windows;C:\Windows\System32\Wbem;C:\Windows\System32\WindowsPowerShell\v1.0\;C:\Windows\System32\OpenSSH\;C:\Program Files (x86)\NVIDIA Corporation\PhysX\Common;C:\Program Files\NVIDIA Corporation\NVIDIA NvDLISR;C:\WINDOWS\system32;C:\WINDOWS;C:\WINDOWS\System32\Wbem;C:\WINDOWS\System32\WindowsPowerShell\v1.0\;C:\WINDOWS\System32\OpenSSH\;C:\Program Files\dotnet\;C:\Program Files (x86)\Microsoft SQL Server\160\Tools\Binn\;C:\Program Files\Microsoft SQL Server\160\Tools\Binn\;C:\Program Files\Microsoft SQL Server\Client SDK\ODBC\170\Tools\Binn\;C:\Program Files\Microsoft SQL Server\160\DT;C:\Program Files\Git\bin;C:\Users\acer\AppData\Local\Programs\Python\Python311\Scripts\;C:\Users\acer\AppData\Local\Programs\Python\Python311\;C:\Users\acer\AppData\Local\Programs\Python\Launcher\;C:\Users\acer\AppData\Local\Microsoft\WindowsApps;C:\Users\acer\AppData\Local\Programs\Python\Python311\Scripts;C:\Users\acer\AppData\Local\Programs\Python\Python311;C:\Program Files\Azure Data Studio\bin;C:\Users\acer\AppData\Local\Programs\Microsoft VS Code\bin;E:\Tài li?u backend\PortableGit\bin;C:\Program Files\MongoDB\Server\8.0\bin;C:\Users\acer\AppData\Local\Programs\cursor\resources\app\bin
USERNAME=acer
DISPLAY=:0.0
LC_ALL=en_US.UTF-8
TERM=xterm-256color
TMPDIR=C:\Users\acer\AppData\Local\Temp
OS=Windows_NT
PROCESSOR_IDENTIFIER=Intel64 Family 6 Model 141 Stepping 1, GenuineIntel
TMP=C:\Users\acer\AppData\Local\Temp
TEMP=C:\Users\acer\AppData\Local\Temp




Periodic native trim disabled

JNI global refs:
JNI global refs: 0, weak refs: 0

JNI global refs memory usage: 0, weak refs: 0

Process memory usage:
Resident Set Size: 11952K (0% of 16551224K total physical memory with 607048K free physical memory)

OOME stack traces (most recent first):
Classloader memory used:

---------------  S Y S T E M  ---------------

OS:
 Windows 11 , 64 bit Build 22621 (10.0.22621.5415)
OS uptime: 1 days 11:35 hours

CPU: total 12 (initial active 12) (6 cores per cpu, 2 threads per core) family 6 model 141 stepping 1 microcode 0x3c, cx8, cmov, fxsr, ht, mmx, 3dnowpref, sse, sse2, sse3, ssse3, sse4.1, sse4.2, popcnt, lzcnt, tsc, tscinvbit, avx, avx2, aes, erms, clmul, bmi1, bmi2, adx, avx512f, avx512dq, avx512cd, avx512bw, avx512vl, sha, fma, vzeroupper, avx512_vpopcntdq, avx512_vpclmulqdq, avx512_vaes, avx512_vnni, clflush, clflushopt, clwb, avx512_vbmi2, avx512_vbmi, rdtscp, rdpid, fsrm, gfni, avx512_bitalg, f16c, pku, cet_ibt, cet_ss, avx512_ifma
Processor Information for the first 12 processors :
  Max Mhz: 2688, Current Mhz: 2688, Mhz Limit: 2688

Memory: 4k page, system-wide physical 16163M (592M free)
TotalPageFile size 46328M (AvailPageFile size 6M)
current process WorkingSet (physical memory assigned to process): 11M, peak: 11M
current process commit charge ("private bytes"): 319M, peak: 323M

vm_info: OpenJDK 64-Bit Server VM (21.0.6+-13355223-b631.42) for windows-amd64 JRE (21.0.6+-13355223-b631.42), built on 2025-04-14T18:21:23Z by "builder" with MS VC++ 16.10 / 16.11 (VS2019)

END.
