#
# There is insufficient memory for the Java Runtime Environment to continue.
# Native memory allocation (malloc) failed to allocate 1132656 bytes. Error detail: Chunk::new
# Possible reasons:
#   The system is out of physical RAM or swap space
#   This process is running with CompressedOops enabled, and the Java Heap may be blocking the growth of the native heap
# Possible solutions:
#   Reduce memory load on the system
#   Increase physical memory or swap space
#   Check if swap backing store is full
#   Decrease Java heap size (-Xmx/-Xms)
#   Decrease number of Java threads
#   Decrease Java thread stack sizes (-Xss)
#   Set larger code cache with -XX:ReservedCodeCacheSize=
#   JVM is running with Zero Based Compressed Oops mode in which the Java heap is
#     placed in the first 32GB address space. The Java Heap base address is the
#     maximum limit for the native heap growth. Please use -XX:HeapBaseMinAddress
#     to set the Java Heap base and to place the Java Heap above 32GB virtual address.
# This output file may be truncated or incomplete.
#
#  Out of Memory Error (arena.cpp:168), pid=29308, tid=29232
#
# JRE version: OpenJDK Runtime Environment (21.0.6) (build 21.0.6+-13355223-b631.42)
# Java VM: OpenJDK 64-Bit Server VM (21.0.6+-13355223-b631.42, mixed mode, tiered, compressed oops, compressed class ptrs, g1 gc, windows-amd64)
# No core dump will be written. Minidumps are not enabled by default on client versions of Windows
#

---------------  S U M M A R Y ------------

Command Line: git4idea.http.GitAskPassApp Username for 'https://github.com': 

Host: 11th Gen Intel(R) Core(TM) i5-11400H @ 2.70GHz, 12 cores, 15G,  Windows 11 , 64 bit Build 22621 (10.0.22621.5415)
Time: Fri Jun 13 09:50:37 2025 SE Asia Standard Time elapsed time: 0.570921 seconds (0d 0h 0m 0s)

---------------  T H R E A D  ---------------

Current thread (0x000001ce4842dd80):  JavaThread "C2 CompilerThread1" daemon [_thread_in_native, id=29232, stack(0x00000047d9d00000,0x00000047d9e00000) (1024K)]


Current CompileTask:
C2:570 1092       4       sun.security.ec.ECOperations::setDouble (463 bytes)

Stack: [0x00000047d9d00000,0x00000047d9e00000]
Native frames: (J=compiled Java code, j=interpreted, Vv=VM code, C=native code)
V  [jvm.dll+0x6d05a9]
V  [jvm.dll+0x85ea73]
V  [jvm.dll+0x860fce]
V  [jvm.dll+0x8616b3]
V  [jvm.dll+0x27e6e6]
V  [jvm.dll+0xbff6d]
V  [jvm.dll+0xc04a3]
V  [jvm.dll+0x3b6131]
V  [jvm.dll+0x382097]
V  [jvm.dll+0x38150a]
V  [jvm.dll+0x247c82]
V  [jvm.dll+0x247251]
V  [jvm.dll+0x1c5f04]
V  [jvm.dll+0x2569ac]
V  [jvm.dll+0x254ef6]
V  [jvm.dll+0x3f0e56]
V  [jvm.dll+0x806e48]
V  [jvm.dll+0x6cee7d]
C  [ucrtbase.dll+0x29333]
C  [KERNEL32.DLL+0x1259d]
C  [ntdll.dll+0x5af78]


---------------  P R O C E S S  ---------------

Threads class SMR info:
_java_thread_list=0x000001ce4842abf0, length=15, elements={
0x000001ce27133d10, 0x000001ce438956b0, 0x000001ce438965c0, 0x000001ce4389b140,
0x000001ce43899ac0, 0x000001ce4389a510, 0x000001ce438770a0, 0x000001ce4387fe30,
0x000001ce438808c0, 0x000001ce43a4f760, 0x000001ce43a4ae60, 0x000001ce4835d5d0,
0x000001ce48244400, 0x000001ce483a6920, 0x000001ce4842dd80
}

Java Threads: ( => current thread )
  0x000001ce27133d10 JavaThread "main"                              [_thread_blocked, id=11592, stack(0x00000047d8700000,0x00000047d8800000) (1024K)]
  0x000001ce438956b0 JavaThread "Reference Handler"          daemon [_thread_blocked, id=16096, stack(0x00000047d8f00000,0x00000047d9000000) (1024K)]
  0x000001ce438965c0 JavaThread "Finalizer"                  daemon [_thread_blocked, id=26236, stack(0x00000047d9000000,0x00000047d9100000) (1024K)]
  0x000001ce4389b140 JavaThread "Signal Dispatcher"          daemon [_thread_blocked, id=3196, stack(0x00000047d9100000,0x00000047d9200000) (1024K)]
  0x000001ce43899ac0 JavaThread "Attach Listener"            daemon [_thread_blocked, id=6100, stack(0x00000047d9200000,0x00000047d9300000) (1024K)]
  0x000001ce4389a510 JavaThread "Service Thread"             daemon [_thread_blocked, id=21188, stack(0x00000047d9300000,0x00000047d9400000) (1024K)]
  0x000001ce438770a0 JavaThread "Monitor Deflation Thread"   daemon [_thread_blocked, id=14844, stack(0x00000047d9400000,0x00000047d9500000) (1024K)]
  0x000001ce4387fe30 JavaThread "C2 CompilerThread0"         daemon [_thread_blocked, id=6472, stack(0x00000047d9500000,0x00000047d9600000) (1024K)]
  0x000001ce438808c0 JavaThread "C1 CompilerThread0"         daemon [_thread_blocked, id=11548, stack(0x00000047d9600000,0x00000047d9700000) (1024K)]
  0x000001ce43a4f760 JavaThread "Notification Thread"        daemon [_thread_blocked, id=30628, stack(0x00000047d9700000,0x00000047d9800000) (1024K)]
  0x000001ce43a4ae60 JavaThread "Common-Cleaner"             daemon [_thread_blocked, id=5032, stack(0x00000047d9800000,0x00000047d9900000) (1024K)]
  0x000001ce4835d5d0 JavaThread "HttpClient-1-SelectorManager" daemon [_thread_in_native, id=19804, stack(0x00000047d9900000,0x00000047d9a00000) (1024K)]
  0x000001ce48244400 JavaThread "HttpClient-1-Worker-0"      daemon [_thread_blocked, id=29676, stack(0x00000047d9b00000,0x00000047d9c00000) (1024K)]
  0x000001ce483a6920 JavaThread "HttpClient-1-Worker-1"      daemon [_thread_blocked, id=28632, stack(0x00000047d9c00000,0x00000047d9d00000) (1024K)]
=>0x000001ce4842dd80 JavaThread "C2 CompilerThread1"         daemon [_thread_in_native, id=29232, stack(0x00000047d9d00000,0x00000047d9e00000) (1024K)]
Total: 15

Other Threads:
  0x000001ce437fd240 VMThread "VM Thread"                           [id=8904, stack(0x00000047d8e00000,0x00000047d8f00000) (1024K)]
  0x000001ce42fefa50 WatcherThread "VM Periodic Task Thread"        [id=15056, stack(0x00000047d8d00000,0x00000047d8e00000) (1024K)]
  0x000001ce294b49c0 WorkerThread "GC Thread#0"                     [id=15564, stack(0x00000047d8800000,0x00000047d8900000) (1024K)]
  0x000001ce294c67b0 ConcurrentGCThread "G1 Main Marker"            [id=27592, stack(0x00000047d8900000,0x00000047d8a00000) (1024K)]
  0x000001ce294c72b0 WorkerThread "G1 Conc#0"                       [id=29704, stack(0x00000047d8a00000,0x00000047d8b00000) (1024K)]
  0x000001ce42ec6080 ConcurrentGCThread "G1 Refine#0"               [id=29672, stack(0x00000047d8b00000,0x00000047d8c00000) (1024K)]
  0x000001ce42ec6bf0 ConcurrentGCThread "G1 Service"                [id=10108, stack(0x00000047d8c00000,0x00000047d8d00000) (1024K)]
Total: 7

Threads with active compile tasks:
C2 CompilerThread1  583 1092       4       sun.security.ec.ECOperations::setDouble (463 bytes)
Total: 1

VM state: not at safepoint (normal execution)

VM Mutex/Monitor currently owned by a thread: None

Heap address: 0x0000000703600000, size: 4042 MB, Compressed Oops mode: Zero based, Oop shift amount: 3

CDS archive(s) not mapped
Compressed class space mapped at: 0x0000000800000000-0x0000000840000000, reserved size: 1073741824
Narrow klass base: 0x0000000800000000, Narrow klass shift: 0, Narrow klass range: 0x40000000

GC Precious Log:
 CardTable entry size: 512
 Card Set container configuration: InlinePtr #cards 4 size 8 Array Of Cards #cards 16 size 48 Howl #buckets 8 coarsen threshold 3686 Howl Bitmap #cards 512 size 80 coarsen threshold 460 Card regions per heap region 1 cards per card region 4096
 CPUs: 12 total, 12 available
 Memory: 16163M
 Large Page Support: Disabled
 NUMA Support: Disabled
 Compressed Oops: Enabled (Zero based)
 Heap Region Size: 2M
 Heap Min Capacity: 8M
 Heap Initial Capacity: 254M
 Heap Max Capacity: 4042M
 Pre-touch: Disabled
 Parallel Workers: 10
 Concurrent Workers: 3
 Concurrent Refinement Workers: 10
 Periodic GC: Disabled

Heap:
 garbage-first heap   total 260096K, used 14336K [0x0000000703600000, 0x0000000800000000)
  region size 2048K, 8 young (16384K), 0 survivors (0K)
 Metaspace       used 16903K, committed 17152K, reserved 1114112K
  class space    used 1793K, committed 1920K, reserved 1048576K

Heap Regions: E=young(eden), S=young(survivor), O=old, HS=humongous(starts), HC=humongous(continues), CS=collection set, F=free, TAMS=top-at-mark-start, PB=parsable bottom
|   0|0x0000000703600000, 0x0000000703600000, 0x0000000703800000|  0%| F|  |TAMS 0x0000000703600000| PB 0x0000000703600000| Untracked 
|   1|0x0000000703800000, 0x0000000703800000, 0x0000000703a00000|  0%| F|  |TAMS 0x0000000703800000| PB 0x0000000703800000| Untracked 
|   2|0x0000000703a00000, 0x0000000703a00000, 0x0000000703c00000|  0%| F|  |TAMS 0x0000000703a00000| PB 0x0000000703a00000| Untracked 
|   3|0x0000000703c00000, 0x0000000703c00000, 0x0000000703e00000|  0%| F|  |TAMS 0x0000000703c00000| PB 0x0000000703c00000| Untracked 
|   4|0x0000000703e00000, 0x0000000703e00000, 0x0000000704000000|  0%| F|  |TAMS 0x0000000703e00000| PB 0x0000000703e00000| Untracked 
|   5|0x0000000704000000, 0x0000000704000000, 0x0000000704200000|  0%| F|  |TAMS 0x0000000704000000| PB 0x0000000704000000| Untracked 
|   6|0x0000000704200000, 0x0000000704200000, 0x0000000704400000|  0%| F|  |TAMS 0x0000000704200000| PB 0x0000000704200000| Untracked 
|   7|0x0000000704400000, 0x0000000704400000, 0x0000000704600000|  0%| F|  |TAMS 0x0000000704400000| PB 0x0000000704400000| Untracked 
|   8|0x0000000704600000, 0x0000000704600000, 0x0000000704800000|  0%| F|  |TAMS 0x0000000704600000| PB 0x0000000704600000| Untracked 
|   9|0x0000000704800000, 0x0000000704800000, 0x0000000704a00000|  0%| F|  |TAMS 0x0000000704800000| PB 0x0000000704800000| Untracked 
|  10|0x0000000704a00000, 0x0000000704a00000, 0x0000000704c00000|  0%| F|  |TAMS 0x0000000704a00000| PB 0x0000000704a00000| Untracked 
|  11|0x0000000704c00000, 0x0000000704c00000, 0x0000000704e00000|  0%| F|  |TAMS 0x0000000704c00000| PB 0x0000000704c00000| Untracked 
|  12|0x0000000704e00000, 0x0000000704e00000, 0x0000000705000000|  0%| F|  |TAMS 0x0000000704e00000| PB 0x0000000704e00000| Untracked 
|  13|0x0000000705000000, 0x0000000705000000, 0x0000000705200000|  0%| F|  |TAMS 0x0000000705000000| PB 0x0000000705000000| Untracked 
|  14|0x0000000705200000, 0x0000000705200000, 0x0000000705400000|  0%| F|  |TAMS 0x0000000705200000| PB 0x0000000705200000| Untracked 
|  15|0x0000000705400000, 0x0000000705400000, 0x0000000705600000|  0%| F|  |TAMS 0x0000000705400000| PB 0x0000000705400000| Untracked 
|  16|0x0000000705600000, 0x0000000705600000, 0x0000000705800000|  0%| F|  |TAMS 0x0000000705600000| PB 0x0000000705600000| Untracked 
|  17|0x0000000705800000, 0x0000000705800000, 0x0000000705a00000|  0%| F|  |TAMS 0x0000000705800000| PB 0x0000000705800000| Untracked 
|  18|0x0000000705a00000, 0x0000000705a00000, 0x0000000705c00000|  0%| F|  |TAMS 0x0000000705a00000| PB 0x0000000705a00000| Untracked 
|  19|0x0000000705c00000, 0x0000000705c00000, 0x0000000705e00000|  0%| F|  |TAMS 0x0000000705c00000| PB 0x0000000705c00000| Untracked 
|  20|0x0000000705e00000, 0x0000000705e00000, 0x0000000706000000|  0%| F|  |TAMS 0x0000000705e00000| PB 0x0000000705e00000| Untracked 
|  21|0x0000000706000000, 0x0000000706000000, 0x0000000706200000|  0%| F|  |TAMS 0x0000000706000000| PB 0x0000000706000000| Untracked 
|  22|0x0000000706200000, 0x0000000706200000, 0x0000000706400000|  0%| F|  |TAMS 0x0000000706200000| PB 0x0000000706200000| Untracked 
|  23|0x0000000706400000, 0x0000000706400000, 0x0000000706600000|  0%| F|  |TAMS 0x0000000706400000| PB 0x0000000706400000| Untracked 
|  24|0x0000000706600000, 0x0000000706600000, 0x0000000706800000|  0%| F|  |TAMS 0x0000000706600000| PB 0x0000000706600000| Untracked 
|  25|0x0000000706800000, 0x0000000706800000, 0x0000000706a00000|  0%| F|  |TAMS 0x0000000706800000| PB 0x0000000706800000| Untracked 
|  26|0x0000000706a00000, 0x0000000706a00000, 0x0000000706c00000|  0%| F|  |TAMS 0x0000000706a00000| PB 0x0000000706a00000| Untracked 
|  27|0x0000000706c00000, 0x0000000706c00000, 0x0000000706e00000|  0%| F|  |TAMS 0x0000000706c00000| PB 0x0000000706c00000| Untracked 
|  28|0x0000000706e00000, 0x0000000706e00000, 0x0000000707000000|  0%| F|  |TAMS 0x0000000706e00000| PB 0x0000000706e00000| Untracked 
|  29|0x0000000707000000, 0x0000000707000000, 0x0000000707200000|  0%| F|  |TAMS 0x0000000707000000| PB 0x0000000707000000| Untracked 
|  30|0x0000000707200000, 0x0000000707200000, 0x0000000707400000|  0%| F|  |TAMS 0x0000000707200000| PB 0x0000000707200000| Untracked 
|  31|0x0000000707400000, 0x0000000707400000, 0x0000000707600000|  0%| F|  |TAMS 0x0000000707400000| PB 0x0000000707400000| Untracked 
|  32|0x0000000707600000, 0x0000000707600000, 0x0000000707800000|  0%| F|  |TAMS 0x0000000707600000| PB 0x0000000707600000| Untracked 
|  33|0x0000000707800000, 0x0000000707800000, 0x0000000707a00000|  0%| F|  |TAMS 0x0000000707800000| PB 0x0000000707800000| Untracked 
|  34|0x0000000707a00000, 0x0000000707a00000, 0x0000000707c00000|  0%| F|  |TAMS 0x0000000707a00000| PB 0x0000000707a00000| Untracked 
|  35|0x0000000707c00000, 0x0000000707c00000, 0x0000000707e00000|  0%| F|  |TAMS 0x0000000707c00000| PB 0x0000000707c00000| Untracked 
|  36|0x0000000707e00000, 0x0000000707e00000, 0x0000000708000000|  0%| F|  |TAMS 0x0000000707e00000| PB 0x0000000707e00000| Untracked 
|  37|0x0000000708000000, 0x0000000708000000, 0x0000000708200000|  0%| F|  |TAMS 0x0000000708000000| PB 0x0000000708000000| Untracked 
|  38|0x0000000708200000, 0x0000000708200000, 0x0000000708400000|  0%| F|  |TAMS 0x0000000708200000| PB 0x0000000708200000| Untracked 
|  39|0x0000000708400000, 0x0000000708400000, 0x0000000708600000|  0%| F|  |TAMS 0x0000000708400000| PB 0x0000000708400000| Untracked 
|  40|0x0000000708600000, 0x0000000708600000, 0x0000000708800000|  0%| F|  |TAMS 0x0000000708600000| PB 0x0000000708600000| Untracked 
|  41|0x0000000708800000, 0x0000000708800000, 0x0000000708a00000|  0%| F|  |TAMS 0x0000000708800000| PB 0x0000000708800000| Untracked 
|  42|0x0000000708a00000, 0x0000000708a00000, 0x0000000708c00000|  0%| F|  |TAMS 0x0000000708a00000| PB 0x0000000708a00000| Untracked 
|  43|0x0000000708c00000, 0x0000000708c00000, 0x0000000708e00000|  0%| F|  |TAMS 0x0000000708c00000| PB 0x0000000708c00000| Untracked 
|  44|0x0000000708e00000, 0x0000000708e00000, 0x0000000709000000|  0%| F|  |TAMS 0x0000000708e00000| PB 0x0000000708e00000| Untracked 
|  45|0x0000000709000000, 0x0000000709000000, 0x0000000709200000|  0%| F|  |TAMS 0x0000000709000000| PB 0x0000000709000000| Untracked 
|  46|0x0000000709200000, 0x0000000709200000, 0x0000000709400000|  0%| F|  |TAMS 0x0000000709200000| PB 0x0000000709200000| Untracked 
|  47|0x0000000709400000, 0x0000000709400000, 0x0000000709600000|  0%| F|  |TAMS 0x0000000709400000| PB 0x0000000709400000| Untracked 
|  48|0x0000000709600000, 0x0000000709600000, 0x0000000709800000|  0%| F|  |TAMS 0x0000000709600000| PB 0x0000000709600000| Untracked 
|  49|0x0000000709800000, 0x0000000709800000, 0x0000000709a00000|  0%| F|  |TAMS 0x0000000709800000| PB 0x0000000709800000| Untracked 
|  50|0x0000000709a00000, 0x0000000709a00000, 0x0000000709c00000|  0%| F|  |TAMS 0x0000000709a00000| PB 0x0000000709a00000| Untracked 
|  51|0x0000000709c00000, 0x0000000709c00000, 0x0000000709e00000|  0%| F|  |TAMS 0x0000000709c00000| PB 0x0000000709c00000| Untracked 
|  52|0x0000000709e00000, 0x0000000709e00000, 0x000000070a000000|  0%| F|  |TAMS 0x0000000709e00000| PB 0x0000000709e00000| Untracked 
|  53|0x000000070a000000, 0x000000070a000000, 0x000000070a200000|  0%| F|  |TAMS 0x000000070a000000| PB 0x000000070a000000| Untracked 
|  54|0x000000070a200000, 0x000000070a200000, 0x000000070a400000|  0%| F|  |TAMS 0x000000070a200000| PB 0x000000070a200000| Untracked 
|  55|0x000000070a400000, 0x000000070a400000, 0x000000070a600000|  0%| F|  |TAMS 0x000000070a400000| PB 0x000000070a400000| Untracked 
|  56|0x000000070a600000, 0x000000070a600000, 0x000000070a800000|  0%| F|  |TAMS 0x000000070a600000| PB 0x000000070a600000| Untracked 
|  57|0x000000070a800000, 0x000000070a800000, 0x000000070aa00000|  0%| F|  |TAMS 0x000000070a800000| PB 0x000000070a800000| Untracked 
|  58|0x000000070aa00000, 0x000000070aa00000, 0x000000070ac00000|  0%| F|  |TAMS 0x000000070aa00000| PB 0x000000070aa00000| Untracked 
|  59|0x000000070ac00000, 0x000000070ac00000, 0x000000070ae00000|  0%| F|  |TAMS 0x000000070ac00000| PB 0x000000070ac00000| Untracked 
|  60|0x000000070ae00000, 0x000000070ae00000, 0x000000070b000000|  0%| F|  |TAMS 0x000000070ae00000| PB 0x000000070ae00000| Untracked 
|  61|0x000000070b000000, 0x000000070b000000, 0x000000070b200000|  0%| F|  |TAMS 0x000000070b000000| PB 0x000000070b000000| Untracked 
|  62|0x000000070b200000, 0x000000070b200000, 0x000000070b400000|  0%| F|  |TAMS 0x000000070b200000| PB 0x000000070b200000| Untracked 
|  63|0x000000070b400000, 0x000000070b400000, 0x000000070b600000|  0%| F|  |TAMS 0x000000070b400000| PB 0x000000070b400000| Untracked 
|  64|0x000000070b600000, 0x000000070b600000, 0x000000070b800000|  0%| F|  |TAMS 0x000000070b600000| PB 0x000000070b600000| Untracked 
|  65|0x000000070b800000, 0x000000070b800000, 0x000000070ba00000|  0%| F|  |TAMS 0x000000070b800000| PB 0x000000070b800000| Untracked 
|  66|0x000000070ba00000, 0x000000070ba00000, 0x000000070bc00000|  0%| F|  |TAMS 0x000000070ba00000| PB 0x000000070ba00000| Untracked 
|  67|0x000000070bc00000, 0x000000070bc00000, 0x000000070be00000|  0%| F|  |TAMS 0x000000070bc00000| PB 0x000000070bc00000| Untracked 
|  68|0x000000070be00000, 0x000000070be00000, 0x000000070c000000|  0%| F|  |TAMS 0x000000070be00000| PB 0x000000070be00000| Untracked 
|  69|0x000000070c000000, 0x000000070c000000, 0x000000070c200000|  0%| F|  |TAMS 0x000000070c000000| PB 0x000000070c000000| Untracked 
|  70|0x000000070c200000, 0x000000070c200000, 0x000000070c400000|  0%| F|  |TAMS 0x000000070c200000| PB 0x000000070c200000| Untracked 
|  71|0x000000070c400000, 0x000000070c400000, 0x000000070c600000|  0%| F|  |TAMS 0x000000070c400000| PB 0x000000070c400000| Untracked 
|  72|0x000000070c600000, 0x000000070c600000, 0x000000070c800000|  0%| F|  |TAMS 0x000000070c600000| PB 0x000000070c600000| Untracked 
|  73|0x000000070c800000, 0x000000070c800000, 0x000000070ca00000|  0%| F|  |TAMS 0x000000070c800000| PB 0x000000070c800000| Untracked 
|  74|0x000000070ca00000, 0x000000070ca00000, 0x000000070cc00000|  0%| F|  |TAMS 0x000000070ca00000| PB 0x000000070ca00000| Untracked 
|  75|0x000000070cc00000, 0x000000070cc00000, 0x000000070ce00000|  0%| F|  |TAMS 0x000000070cc00000| PB 0x000000070cc00000| Untracked 
|  76|0x000000070ce00000, 0x000000070ce00000, 0x000000070d000000|  0%| F|  |TAMS 0x000000070ce00000| PB 0x000000070ce00000| Untracked 
|  77|0x000000070d000000, 0x000000070d000000, 0x000000070d200000|  0%| F|  |TAMS 0x000000070d000000| PB 0x000000070d000000| Untracked 
|  78|0x000000070d200000, 0x000000070d200000, 0x000000070d400000|  0%| F|  |TAMS 0x000000070d200000| PB 0x000000070d200000| Untracked 
|  79|0x000000070d400000, 0x000000070d400000, 0x000000070d600000|  0%| F|  |TAMS 0x000000070d400000| PB 0x000000070d400000| Untracked 
|  80|0x000000070d600000, 0x000000070d600000, 0x000000070d800000|  0%| F|  |TAMS 0x000000070d600000| PB 0x000000070d600000| Untracked 
|  81|0x000000070d800000, 0x000000070d800000, 0x000000070da00000|  0%| F|  |TAMS 0x000000070d800000| PB 0x000000070d800000| Untracked 
|  82|0x000000070da00000, 0x000000070da00000, 0x000000070dc00000|  0%| F|  |TAMS 0x000000070da00000| PB 0x000000070da00000| Untracked 
|  83|0x000000070dc00000, 0x000000070dc00000, 0x000000070de00000|  0%| F|  |TAMS 0x000000070dc00000| PB 0x000000070dc00000| Untracked 
|  84|0x000000070de00000, 0x000000070de00000, 0x000000070e000000|  0%| F|  |TAMS 0x000000070de00000| PB 0x000000070de00000| Untracked 
|  85|0x000000070e000000, 0x000000070e000000, 0x000000070e200000|  0%| F|  |TAMS 0x000000070e000000| PB 0x000000070e000000| Untracked 
|  86|0x000000070e200000, 0x000000070e200000, 0x000000070e400000|  0%| F|  |TAMS 0x000000070e200000| PB 0x000000070e200000| Untracked 
|  87|0x000000070e400000, 0x000000070e400000, 0x000000070e600000|  0%| F|  |TAMS 0x000000070e400000| PB 0x000000070e400000| Untracked 
|  88|0x000000070e600000, 0x000000070e600000, 0x000000070e800000|  0%| F|  |TAMS 0x000000070e600000| PB 0x000000070e600000| Untracked 
|  89|0x000000070e800000, 0x000000070e800000, 0x000000070ea00000|  0%| F|  |TAMS 0x000000070e800000| PB 0x000000070e800000| Untracked 
|  90|0x000000070ea00000, 0x000000070ea00000, 0x000000070ec00000|  0%| F|  |TAMS 0x000000070ea00000| PB 0x000000070ea00000| Untracked 
|  91|0x000000070ec00000, 0x000000070ec00000, 0x000000070ee00000|  0%| F|  |TAMS 0x000000070ec00000| PB 0x000000070ec00000| Untracked 
|  92|0x000000070ee00000, 0x000000070ee00000, 0x000000070f000000|  0%| F|  |TAMS 0x000000070ee00000| PB 0x000000070ee00000| Untracked 
|  93|0x000000070f000000, 0x000000070f000000, 0x000000070f200000|  0%| F|  |TAMS 0x000000070f000000| PB 0x000000070f000000| Untracked 
|  94|0x000000070f200000, 0x000000070f200000, 0x000000070f400000|  0%| F|  |TAMS 0x000000070f200000| PB 0x000000070f200000| Untracked 
|  95|0x000000070f400000, 0x000000070f400000, 0x000000070f600000|  0%| F|  |TAMS 0x000000070f400000| PB 0x000000070f400000| Untracked 
|  96|0x000000070f600000, 0x000000070f600000, 0x000000070f800000|  0%| F|  |TAMS 0x000000070f600000| PB 0x000000070f600000| Untracked 
|  97|0x000000070f800000, 0x000000070f800000, 0x000000070fa00000|  0%| F|  |TAMS 0x000000070f800000| PB 0x000000070f800000| Untracked 
|  98|0x000000070fa00000, 0x000000070fa00000, 0x000000070fc00000|  0%| F|  |TAMS 0x000000070fa00000| PB 0x000000070fa00000| Untracked 
|  99|0x000000070fc00000, 0x000000070fc00000, 0x000000070fe00000|  0%| F|  |TAMS 0x000000070fc00000| PB 0x000000070fc00000| Untracked 
| 100|0x000000070fe00000, 0x000000070fe00000, 0x0000000710000000|  0%| F|  |TAMS 0x000000070fe00000| PB 0x000000070fe00000| Untracked 
| 101|0x0000000710000000, 0x0000000710000000, 0x0000000710200000|  0%| F|  |TAMS 0x0000000710000000| PB 0x0000000710000000| Untracked 
| 102|0x0000000710200000, 0x0000000710200000, 0x0000000710400000|  0%| F|  |TAMS 0x0000000710200000| PB 0x0000000710200000| Untracked 
| 103|0x0000000710400000, 0x0000000710400000, 0x0000000710600000|  0%| F|  |TAMS 0x0000000710400000| PB 0x0000000710400000| Untracked 
| 104|0x0000000710600000, 0x0000000710600000, 0x0000000710800000|  0%| F|  |TAMS 0x0000000710600000| PB 0x0000000710600000| Untracked 
| 105|0x0000000710800000, 0x0000000710800000, 0x0000000710a00000|  0%| F|  |TAMS 0x0000000710800000| PB 0x0000000710800000| Untracked 
| 106|0x0000000710a00000, 0x0000000710a00000, 0x0000000710c00000|  0%| F|  |TAMS 0x0000000710a00000| PB 0x0000000710a00000| Untracked 
| 107|0x0000000710c00000, 0x0000000710c00000, 0x0000000710e00000|  0%| F|  |TAMS 0x0000000710c00000| PB 0x0000000710c00000| Untracked 
| 108|0x0000000710e00000, 0x0000000710e00000, 0x0000000711000000|  0%| F|  |TAMS 0x0000000710e00000| PB 0x0000000710e00000| Untracked 
| 109|0x0000000711000000, 0x0000000711000000, 0x0000000711200000|  0%| F|  |TAMS 0x0000000711000000| PB 0x0000000711000000| Untracked 
| 110|0x0000000711200000, 0x0000000711200000, 0x0000000711400000|  0%| F|  |TAMS 0x0000000711200000| PB 0x0000000711200000| Untracked 
| 111|0x0000000711400000, 0x0000000711400000, 0x0000000711600000|  0%| F|  |TAMS 0x0000000711400000| PB 0x0000000711400000| Untracked 
| 112|0x0000000711600000, 0x0000000711600000, 0x0000000711800000|  0%| F|  |TAMS 0x0000000711600000| PB 0x0000000711600000| Untracked 
| 113|0x0000000711800000, 0x0000000711800000, 0x0000000711a00000|  0%| F|  |TAMS 0x0000000711800000| PB 0x0000000711800000| Untracked 
| 114|0x0000000711a00000, 0x0000000711a00000, 0x0000000711c00000|  0%| F|  |TAMS 0x0000000711a00000| PB 0x0000000711a00000| Untracked 
| 115|0x0000000711c00000, 0x0000000711c00000, 0x0000000711e00000|  0%| F|  |TAMS 0x0000000711c00000| PB 0x0000000711c00000| Untracked 
| 116|0x0000000711e00000, 0x0000000711e00000, 0x0000000712000000|  0%| F|  |TAMS 0x0000000711e00000| PB 0x0000000711e00000| Untracked 
| 117|0x0000000712000000, 0x0000000712000000, 0x0000000712200000|  0%| F|  |TAMS 0x0000000712000000| PB 0x0000000712000000| Untracked 
| 118|0x0000000712200000, 0x0000000712200000, 0x0000000712400000|  0%| F|  |TAMS 0x0000000712200000| PB 0x0000000712200000| Untracked 
| 119|0x0000000712400000, 0x0000000712600000, 0x0000000712600000|100%| E|  |TAMS 0x0000000712400000| PB 0x0000000712400000| Complete 
| 120|0x0000000712600000, 0x0000000712800000, 0x0000000712800000|100%| E|CS|TAMS 0x0000000712600000| PB 0x0000000712600000| Complete 
| 121|0x0000000712800000, 0x0000000712a00000, 0x0000000712a00000|100%| E|CS|TAMS 0x0000000712800000| PB 0x0000000712800000| Complete 
| 122|0x0000000712a00000, 0x0000000712c00000, 0x0000000712c00000|100%| E|CS|TAMS 0x0000000712a00000| PB 0x0000000712a00000| Complete 
| 123|0x0000000712c00000, 0x0000000712e00000, 0x0000000712e00000|100%| E|CS|TAMS 0x0000000712c00000| PB 0x0000000712c00000| Complete 
| 124|0x0000000712e00000, 0x0000000713000000, 0x0000000713000000|100%| E|CS|TAMS 0x0000000712e00000| PB 0x0000000712e00000| Complete 
| 125|0x0000000713000000, 0x0000000713200000, 0x0000000713200000|100%| E|CS|TAMS 0x0000000713000000| PB 0x0000000713000000| Complete 
| 126|0x0000000713200000, 0x0000000713400000, 0x0000000713400000|100%| E|CS|TAMS 0x0000000713200000| PB 0x0000000713200000| Complete 

Card table byte_map: [0x000001ce3c2e0000,0x000001ce3cad0000] _byte_map_base: 0x000001ce38ac5000

Marking Bits: (CMBitMap*) 0x000001ce294b60d0
 Bits: [0x000001ce3cad0000, 0x000001ce409f8000)

Polling page: 0x000001ce27290000

Metaspace:

Usage:
  Non-class:     14.76 MB used.
      Class:      1.75 MB used.
       Both:     16.51 MB used.

Virtual space:
  Non-class space:       64.00 MB reserved,      14.88 MB ( 23%) committed,  1 nodes.
      Class space:        1.00 GB reserved,       1.88 MB ( <1%) committed,  1 nodes.
             Both:        1.06 GB reserved,      16.75 MB (  2%) committed. 

Chunk freelists:
   Non-Class:  768.00 KB
       Class:  14.16 MB
        Both:  14.91 MB

MaxMetaspaceSize: unlimited
CompressedClassSpaceSize: 1.00 GB
Initial GC threshold: 21.00 MB
Current GC threshold: 21.00 MB
CDS: off
 - commit_granule_bytes: 65536.
 - commit_granule_words: 8192.
 - virtual_space_node_default_size: 8388608.
 - enlarge_chunks_in_place: 1.
 - use_allocation_guard: 0.


Internal statistics:

num_allocs_failed_limit: 0.
num_arena_births: 244.
num_arena_deaths: 0.
num_vsnodes_births: 2.
num_vsnodes_deaths: 0.
num_space_committed: 268.
num_space_uncommitted: 0.
num_chunks_returned_to_freelist: 0.
num_chunks_taken_from_freelist: 439.
num_chunk_merges: 0.
num_chunk_splits: 240.
num_chunks_enlarged: 112.
num_inconsistent_stats: 0.

CodeHeap 'non-profiled nmethods': size=120000Kb used=406Kb max_used=406Kb free=119593Kb
 bounds [0x000001ce34070000, 0x000001ce342e0000, 0x000001ce3b5a0000]
CodeHeap 'profiled nmethods': size=120000Kb used=1906Kb max_used=1906Kb free=118093Kb
 bounds [0x000001ce2c5a0000, 0x000001ce2c810000, 0x000001ce33ad0000]
CodeHeap 'non-nmethods': size=5760Kb used=1560Kb max_used=1578Kb free=4199Kb
 bounds [0x000001ce33ad0000, 0x000001ce33d40000, 0x000001ce34070000]
 total_blobs=1691 nmethods=1176 adapters=420
 compilation: enabled
              stopped_count=0, restarted_count=0
 full_count=0

Compilation events (20 events):
Event: 0.562 Thread 0x000001ce438808c0 nmethod 1169 0x000001ce2c777990 code [0x000001ce2c777b60, 0x000001ce2c777d68]
Event: 0.562 Thread 0x000001ce438808c0 1170       3       java.lang.invoke.MethodHandles$Lookup::linkMethodHandleConstant (223 bytes)
Event: 0.563 Thread 0x000001ce438808c0 nmethod 1170 0x000001ce2c777f10 code [0x000001ce2c778300, 0x000001ce2c779af8]
Event: 0.564 Thread 0x000001ce438808c0 1171       3       java.nio.ByteBuffer::hasArray (20 bytes)
Event: 0.564 Thread 0x000001ce4387fe30 nmethod 1166 0x000001ce340d4490 code [0x000001ce340d4660, 0x000001ce340d4c70]
Event: 0.564 Thread 0x000001ce4387fe30 1167       4       java.lang.AbstractStringBuilder::<init> (39 bytes)
Event: 0.564 Thread 0x000001ce438808c0 nmethod 1171 0x000001ce2c77a290 code [0x000001ce2c77a440, 0x000001ce2c77a5d8]
Event: 0.564 Thread 0x000001ce438808c0 1172   !   3       jdk.internal.misc.ScopedMemoryAccess::copyMemory (27 bytes)
Event: 0.564 Thread 0x000001ce438808c0 nmethod 1172 0x000001ce2c77a690 code [0x000001ce2c77a8a0, 0x000001ce2c77aec0]
Event: 0.565 Thread 0x000001ce438808c0 1174       3       java.util.concurrent.locks.ReentrantLock::unlock (10 bytes)
Event: 0.565 Thread 0x000001ce438808c0 nmethod 1174 0x000001ce2c77b290 code [0x000001ce2c77b460, 0x000001ce2c77b740]
Event: 0.565 Thread 0x000001ce438808c0 1175       3       java.lang.StringConcatHelper::newArray (40 bytes)
Event: 0.565 Thread 0x000001ce4387fe30 nmethod 1167 0x000001ce340d4f10 code [0x000001ce340d50a0, 0x000001ce340d5320]
Event: 0.565 Thread 0x000001ce438808c0 nmethod 1175 0x000001ce2c77b890 code [0x000001ce2c77ba60, 0x000001ce2c77bda0]
Event: 0.565 Thread 0x000001ce438808c0 1173   !   3       jdk.internal.misc.ScopedMemoryAccess::copyMemoryInternal (56 bytes)
Event: 0.565 Thread 0x000001ce438808c0 nmethod 1173 0x000001ce2c77be90 code [0x000001ce2c77c080, 0x000001ce2c77c5b8]
Event: 0.565 Thread 0x000001ce438808c0 1176       1       java.util.concurrent.atomic.AtomicInteger::get (5 bytes)
Event: 0.565 Thread 0x000001ce438808c0 nmethod 1176 0x000001ce340d5410 code [0x000001ce340d55a0, 0x000001ce340d5668]
Event: 0.567 Thread 0x000001ce438808c0 1177       1       sun.security.provider.DigestBase::engineGetDigestLength (5 bytes)
Event: 0.567 Thread 0x000001ce438808c0 nmethod 1177 0x000001ce340d5710 code [0x000001ce340d58a0, 0x000001ce340d5968]

GC Heap History (0 events):
No events

Dll operation events (2 events):
Event: 0.005 Loaded shared library C:\Program Files\Android\Android Studio\jbr\bin\java.dll
Event: 0.009 Loaded shared library C:\Program Files\Android\Android Studio\jbr\bin\zip.dll

Deoptimization events (20 events):
Event: 0.517 Thread 0x000001ce48244400 Uncommon trap: trap_request=0xffffff66 fr.pc=0x000001ce340ca1c0 relative=0x0000000000000260
Event: 0.517 Thread 0x000001ce48244400 Uncommon trap: reason=speculate_class_check action=maybe_recompile pc=0x000001ce340ca1c0 method=sun.security.util.math.intpoly.IntegerPolynomial.multByInt([JJ)V @ 26 c2
Event: 0.517 Thread 0x000001ce48244400 DEOPT PACKING pc=0x000001ce340ca1c0 sp=0x00000047d9bfe2f0
Event: 0.517 Thread 0x000001ce48244400 DEOPT UNPACKING pc=0x000001ce33b27da2 sp=0x00000047d9bfe230 mode 2
Event: 0.517 Thread 0x000001ce48244400 Uncommon trap: trap_request=0xffffffde fr.pc=0x000001ce340c4c04 relative=0x00000000000001c4
Event: 0.517 Thread 0x000001ce48244400 Uncommon trap: reason=class_check action=maybe_recompile pc=0x000001ce340c4c04 method=sun.security.util.math.intpoly.IntegerPolynomial.multByInt([JJ)V @ 26 c2
Event: 0.517 Thread 0x000001ce48244400 DEOPT PACKING pc=0x000001ce340c4c04 sp=0x00000047d9bfe260
Event: 0.517 Thread 0x000001ce48244400 DEOPT UNPACKING pc=0x000001ce33b27da2 sp=0x00000047d9bfe230 mode 2
Event: 0.517 Thread 0x000001ce48244400 Uncommon trap: trap_request=0xffffffde fr.pc=0x000001ce340c4c04 relative=0x00000000000001c4
Event: 0.517 Thread 0x000001ce48244400 Uncommon trap: reason=class_check action=maybe_recompile pc=0x000001ce340c4c04 method=sun.security.util.math.intpoly.IntegerPolynomial.multByInt([JJ)V @ 26 c2
Event: 0.517 Thread 0x000001ce48244400 DEOPT PACKING pc=0x000001ce340c4c04 sp=0x00000047d9bfe260
Event: 0.517 Thread 0x000001ce48244400 DEOPT UNPACKING pc=0x000001ce33b27da2 sp=0x00000047d9bfe230 mode 2
Event: 0.517 Thread 0x000001ce48244400 Uncommon trap: trap_request=0xffffffde fr.pc=0x000001ce340c4c04 relative=0x00000000000001c4
Event: 0.517 Thread 0x000001ce48244400 Uncommon trap: reason=class_check action=maybe_recompile pc=0x000001ce340c4c04 method=sun.security.util.math.intpoly.IntegerPolynomial.multByInt([JJ)V @ 26 c2
Event: 0.517 Thread 0x000001ce48244400 DEOPT PACKING pc=0x000001ce340c4c04 sp=0x00000047d9bfe260
Event: 0.517 Thread 0x000001ce48244400 DEOPT UNPACKING pc=0x000001ce33b27da2 sp=0x00000047d9bfe230 mode 2
Event: 0.517 Thread 0x000001ce48244400 Uncommon trap: trap_request=0xffffffde fr.pc=0x000001ce340c4c04 relative=0x00000000000001c4
Event: 0.517 Thread 0x000001ce48244400 Uncommon trap: reason=class_check action=maybe_recompile pc=0x000001ce340c4c04 method=sun.security.util.math.intpoly.IntegerPolynomial.multByInt([JJ)V @ 26 c2
Event: 0.517 Thread 0x000001ce48244400 DEOPT PACKING pc=0x000001ce340c4c04 sp=0x00000047d9bfe260
Event: 0.517 Thread 0x000001ce48244400 DEOPT UNPACKING pc=0x000001ce33b27da2 sp=0x00000047d9bfe230 mode 2

Classes loaded (20 events):
Event: 0.545 Loading class jdk/internal/event/TLSHandshakeEvent
Event: 0.545 Loading class jdk/internal/event/TLSHandshakeEvent done
Event: 0.545 Loading class com/sun/crypto/provider/GaloisCounterMode$GCMEncrypt
Event: 0.545 Loading class com/sun/crypto/provider/GaloisCounterMode$GCMEncrypt done
Event: 0.545 Loading class com/sun/crypto/provider/GaloisCounterMode$EncryptOp
Event: 0.545 Loading class com/sun/crypto/provider/GaloisCounterMode$EncryptOp done
Event: 0.546 Loading class sun/security/ssl/CipherSuite$1
Event: 0.546 Loading class sun/security/ssl/CipherSuite$1 done
Event: 0.547 Loading class java/util/concurrent/CompletionException
Event: 0.547 Loading class java/util/concurrent/CompletionException done
Event: 0.559 Loading class java/util/Collections$UnmodifiableMap$UnmodifiableEntrySet
Event: 0.559 Loading class java/util/Collections$UnmodifiableMap$UnmodifiableEntrySet done
Event: 0.559 Loading class java/util/Collections$UnmodifiableMap$UnmodifiableEntrySet$1
Event: 0.559 Loading class java/util/Collections$UnmodifiableMap$UnmodifiableEntrySet$1 done
Event: 0.559 Loading class java/util/Collections$UnmodifiableMap$UnmodifiableEntrySet$UnmodifiableEntry
Event: 0.559 Loading class java/util/Collections$UnmodifiableMap$UnmodifiableEntrySet$UnmodifiableEntry done
Event: 0.566 Loading class sun/security/ssl/NewSessionTicket$T13NewSessionTicketMessage
Event: 0.566 Loading class sun/security/ssl/NewSessionTicket$NewSessionTicketMessage
Event: 0.566 Loading class sun/security/ssl/NewSessionTicket$NewSessionTicketMessage done
Event: 0.566 Loading class sun/security/ssl/NewSessionTicket$T13NewSessionTicketMessage done

Classes unloaded (0 events):
No events

Classes redefined (0 events):
No events

Internal exceptions (20 events):
Event: 0.335 Thread 0x000001ce27133d10 Exception <a 'java/lang/NoSuchMethodError'{0x0000000712cafdb8}: 'int java.lang.invoke.DirectMethodHandle$Holder.invokeStaticInit(java.lang.Object, long, long)'> (0x0000000712cafdb8) 
thrown [s\src\hotspot\share\interpreter\linkResolver.cpp, line 784]
Event: 0.335 Thread 0x000001ce27133d10 Exception <a 'java/lang/NoSuchMethodError'{0x0000000712cb6850}: 'int java.lang.invoke.DirectMethodHandle$Holder.invokeStaticInit(java.lang.Object, float, float)'> (0x0000000712cb6850) 
thrown [s\src\hotspot\share\interpreter\linkResolver.cpp, line 784]
Event: 0.336 Thread 0x000001ce27133d10 Exception <a 'java/lang/NoSuchMethodError'{0x0000000712cbd2e0}: 'int java.lang.invoke.DirectMethodHandle$Holder.invokeStaticInit(java.lang.Object, double, double)'> (0x0000000712cbd2e0) 
thrown [s\src\hotspot\share\interpreter\linkResolver.cpp, line 784]
Event: 0.336 Thread 0x000001ce27133d10 Exception <a 'java/lang/NoSuchMethodError'{0x0000000712cc1968}: 'int java.lang.invoke.DirectMethodHandle$Holder.invokeStatic(java.lang.Object, long)'> (0x0000000712cc1968) 
thrown [s\src\hotspot\share\interpreter\linkResolver.cpp, line 784]
Event: 0.339 Thread 0x000001ce27133d10 Exception <a 'java/lang/NoSuchMethodError'{0x0000000712ceeab8}: 'java.lang.Object java.lang.invoke.DelegatingMethodHandle$Holder.delegate(java.lang.Object, int, java.lang.Object, java.lang.Object)'> (0x0000000712ceeab8) 
thrown [s\src\hotspot\share\interpreter\linkResolver.cpp, line 784]
Event: 0.340 Thread 0x000001ce27133d10 Exception <a 'java/lang/NoSuchMethodError'{0x0000000712cfddd8}: 'int java.lang.invoke.Invokers$Holder.linkToTargetMethod(java.lang.Object, java.lang.Object, java.lang.Object)'> (0x0000000712cfddd8) 
thrown [s\src\hotspot\share\interpreter\linkResolver.cpp, line 784]
Event: 0.342 Thread 0x000001ce27133d10 Exception <a 'java/lang/NoSuchMethodError'{0x0000000712d2ccb8}: 'long java.lang.invoke.DirectMethodHandle$Holder.invokeSpecial(java.lang.Object, java.lang.Object)'> (0x0000000712d2ccb8) 
thrown [s\src\hotspot\share\interpreter\linkResolver.cpp, line 784]
Event: 0.342 Thread 0x000001ce27133d10 Exception <a 'java/lang/NoSuchMethodError'{0x0000000712d33588}: 'int java.lang.invoke.DirectMethodHandle$Holder.invokeStatic(java.lang.Object, java.lang.Object, java.lang.Object, java.lang.Object)'> (0x0000000712d33588) 
thrown [s\src\hotspot\share\interpreter\linkResolver.cpp, line 784]
Event: 0.343 Thread 0x000001ce27133d10 Exception <a 'java/lang/NoSuchMethodError'{0x0000000712d369a8}: 'java.lang.Object java.lang.invoke.Invokers$Holder.invokeExact_MT(java.lang.Object, java.lang.Object, java.lang.Object, java.lang.Object, java.lang.Object, java.lang.Object)'> (0x0000000712d369a8) 
thrown [s\src\hotspot\share\interpreter\linkResolver.cpp, line 784]
Event: 0.395 Thread 0x000001ce27133d10 Exception <a 'java/lang/NoSuchMethodError'{0x0000000712b179f8}: 'java.lang.Object java.lang.invoke.DirectMethodHandle$Holder.newInvokeSpecial(java.lang.Object, java.lang.Object, java.lang.Object, java.lang.Object, java.lang.Object)'> (0x0000000712b179f8) 
thrown [s\src\hotspot\share\interpreter\linkResolver.cpp, line 784]
Event: 0.412 Thread 0x000001ce27133d10 Exception <a 'java/lang/NoSuchMethodError'{0x00000007128e4668}: 'java.lang.Object java.lang.invoke.DirectMethodHandle$Holder.invokeSpecial(java.lang.Object, java.lang.Object, java.lang.Object, java.lang.Object, int)'> (0x00000007128e4668) 
thrown [s\src\hotspot\share\interpreter\linkResolver.cpp, line 784]
Event: 0.413 Thread 0x000001ce27133d10 Exception <a 'java/lang/NoSuchMethodError'{0x00000007128e7fd0}: 'java.lang.Object java.lang.invoke.Invokers$Holder.linkToTargetMethod(java.lang.Object, java.lang.Object, int, java.lang.Object)'> (0x00000007128e7fd0) 
thrown [s\src\hotspot\share\interpreter\linkResolver.cpp, line 784]
Event: 0.417 Thread 0x000001ce27133d10 Exception <a 'java/lang/NoSuchMethodError'{0x00000007129132d8}: 'void java.lang.invoke.DirectMethodHandle$Holder.invokeSpecial(java.lang.Object, java.lang.Object, java.lang.Object)'> (0x00000007129132d8) 
thrown [s\src\hotspot\share\interpreter\linkResolver.cpp, line 784]
Event: 0.425 Thread 0x000001ce27133d10 Exception <a 'java/lang/NoSuchMethodError'{0x0000000712998c10}: 'void java.lang.invoke.DirectMethodHandle$Holder.invokeSpecial(java.lang.Object, java.lang.Object, java.lang.Object, java.lang.Object, java.lang.Object)'> (0x0000000712998c10) 
thrown [s\src\hotspot\share\interpreter\linkResolver.cpp, line 784]
Event: 0.425 Thread 0x000001ce4835d5d0 Exception <a 'java/lang/NoSuchMethodError'{0x0000000712b72dc8}: 'void java.lang.invoke.DirectMethodHandle$Holder.invokeStatic(java.lang.Object, java.lang.Object, int)'> (0x0000000712b72dc8) 
thrown [s\src\hotspot\share\interpreter\linkResolver.cpp, line 784]
Event: 0.430 Thread 0x000001ce4835d5d0 Exception <a 'java/lang/NoSuchMethodError'{0x0000000712bacef0}: 'void java.lang.invoke.DirectMethodHandle$Holder.invokeStatic(java.lang.Object, java.lang.Object)'> (0x0000000712bacef0) 
thrown [s\src\hotspot\share\interpreter\linkResolver.cpp, line 784]
Event: 0.431 Thread 0x000001ce48244400 Exception <a 'java/lang/NoSuchMethodError'{0x00000007129fb5c8}: 'void java.lang.invoke.DirectMethodHandle$Holder.invokeInterface(java.lang.Object, java.lang.Object, java.lang.Object)'> (0x00000007129fb5c8) 
thrown [s\src\hotspot\share\interpreter\linkResolver.cpp, line 784]
Event: 0.434 Thread 0x000001ce48244400 Exception <a 'java/lang/NoSuchMethodError'{0x00000007126411f0}: 'void java.lang.invoke.DirectMethodHandle$Holder.invokeVirtual(java.lang.Object, java.lang.Object)'> (0x00000007126411f0) 
thrown [s\src\hotspot\share\interpreter\linkResolver.cpp, line 784]
Event: 0.513 Thread 0x000001ce48244400 Exception <a 'java/lang/NoSuchMethodError'{0x0000000712444398}: 'void java.lang.invoke.DirectMethodHandle$Holder.invokeInterface(java.lang.Object, java.lang.Object)'> (0x0000000712444398) 
thrown [s\src\hotspot\share\interpreter\linkResolver.cpp, line 784]
Event: 0.546 Thread 0x000001ce48244400 Exception <a 'java/lang/NoSuchMethodError'{0x00000007124b6b60}: 'void java.lang.invoke.DirectMethodHandle$Holder.invokeStatic(java.lang.Object, java.lang.Object, java.lang.Object, java.lang.Object)'> (0x00000007124b6b60) 
thrown [s\src\hotspot\share\interpreter\linkResolver.cpp, line 784]

ZGC Phase Switch (0 events):
No events

VM Operations (8 events):
Event: 0.076 Executing VM operation: HandshakeAllThreads (Deoptimize)
Event: 0.077 Executing VM operation: HandshakeAllThreads (Deoptimize) done
Event: 0.083 Executing VM operation: HandshakeAllThreads (Deoptimize)
Event: 0.083 Executing VM operation: HandshakeAllThreads (Deoptimize) done
Event: 0.183 Executing VM operation: HandshakeAllThreads (Deoptimize)
Event: 0.183 Executing VM operation: HandshakeAllThreads (Deoptimize) done
Event: 0.553 Executing VM operation: ICBufferFull
Event: 0.554 Executing VM operation: ICBufferFull done

Memory protections (0 events):
No events

Nmethod flushes (0 events):
No events

Events (20 events):
Event: 0.008 Thread 0x000001ce27133d10 Thread added: 0x000001ce27133d10
Event: 0.041 Thread 0x000001ce27133d10 Thread added: 0x000001ce438956b0
Event: 0.042 Thread 0x000001ce27133d10 Thread added: 0x000001ce438965c0
Event: 0.042 Thread 0x000001ce27133d10 Thread added: 0x000001ce4389b140
Event: 0.042 Thread 0x000001ce27133d10 Thread added: 0x000001ce43899ac0
Event: 0.042 Thread 0x000001ce27133d10 Thread added: 0x000001ce4389a510
Event: 0.042 Thread 0x000001ce27133d10 Thread added: 0x000001ce438770a0
Event: 0.042 Thread 0x000001ce27133d10 Thread added: 0x000001ce4387fe30
Event: 0.042 Thread 0x000001ce27133d10 Thread added: 0x000001ce438808c0
Event: 0.060 Thread 0x000001ce27133d10 Thread added: 0x000001ce43a4f760
Event: 0.064 Thread 0x000001ce27133d10 Thread added: 0x000001ce43a4ae60
Event: 0.068 Loaded shared library C:\Program Files\Android\Android Studio\jbr\bin\net.dll
Event: 0.069 Loaded shared library C:\Program Files\Android\Android Studio\jbr\bin\nio.dll
Event: 0.074 Loaded shared library C:\Program Files\Android\Android Studio\jbr\bin\zip.dll
Event: 0.120 Loaded shared library C:\Program Files\Android\Android Studio\jbr\bin\jimage.dll
Event: 0.388 Loaded shared library C:\Program Files\Android\Android Studio\jbr\bin\extnet.dll
Event: 0.392 Thread 0x000001ce27133d10 Thread added: 0x000001ce4835d5d0
Event: 0.429 Thread 0x000001ce4835d5d0 Thread added: 0x000001ce48244400
Event: 0.438 Thread 0x000001ce4835d5d0 Thread added: 0x000001ce483a6920
Event: 0.466 Thread 0x000001ce438808c0 Thread added: 0x000001ce4842dd80


Dynamic libraries:
0x00007ff7ae860000 - 0x00007ff7ae86a000 	C:\Program Files\Android\Android Studio\jbr\bin\java.exe
0x00007ff8f68b0000 - 0x00007ff8f6ac7000 	C:\WINDOWS\SYSTEM32\ntdll.dll
0x00007ff8f5690000 - 0x00007ff8f5754000 	C:\WINDOWS\System32\KERNEL32.DLL
0x00007ff8f4130000 - 0x00007ff8f4502000 	C:\WINDOWS\System32\KERNELBASE.dll
0x00007ff8f3ac0000 - 0x00007ff8f3bd1000 	C:\WINDOWS\System32\ucrtbase.dll
0x00007ff8caa10000 - 0x00007ff8caa28000 	C:\Program Files\Android\Android Studio\jbr\bin\jli.dll
0x00007ff8c48d0000 - 0x00007ff8c48eb000 	C:\Program Files\Android\Android Studio\jbr\bin\VCRUNTIME140.dll
0x00007ff8f6300000 - 0x00007ff8f64b1000 	C:\WINDOWS\System32\USER32.dll
0x00007ff8f3e90000 - 0x00007ff8f3eb6000 	C:\WINDOWS\System32\win32u.dll
0x00007ff8e3a90000 - 0x00007ff8e3d2b000 	C:\WINDOWS\WinSxS\amd64_microsoft.windows.common-controls_6595b64144ccf1df_6.0.22621.5415_none_270d77d17387d7da\COMCTL32.dll
0x00007ff8f4770000 - 0x00007ff8f4799000 	C:\WINDOWS\System32\GDI32.dll
0x00007ff8f48e0000 - 0x00007ff8f4987000 	C:\WINDOWS\System32\msvcrt.dll
0x00007ff8f3ec0000 - 0x00007ff8f3fe3000 	C:\WINDOWS\System32\gdi32full.dll
0x00007ff8f39a0000 - 0x00007ff8f3a3a000 	C:\WINDOWS\System32\msvcp_win.dll
0x00007ff8f6550000 - 0x00007ff8f6581000 	C:\WINDOWS\System32\IMM32.DLL
0x00007ff8e79b0000 - 0x00007ff8e79bc000 	C:\Program Files\Android\Android Studio\jbr\bin\vcruntime140_1.dll
0x00007ff8ae8b0000 - 0x00007ff8ae93d000 	C:\Program Files\Android\Android Studio\jbr\bin\msvcp140.dll
0x00007ff8596e0000 - 0x00007ff85a36b000 	C:\Program Files\Android\Android Studio\jbr\bin\server\jvm.dll
0x00007ff8f47a0000 - 0x00007ff8f4851000 	C:\WINDOWS\System32\ADVAPI32.dll
0x00007ff8f5580000 - 0x00007ff8f5628000 	C:\WINDOWS\System32\sechost.dll
0x00007ff8f4510000 - 0x00007ff8f4538000 	C:\WINDOWS\System32\bcrypt.dll
0x00007ff8f4b90000 - 0x00007ff8f4ca4000 	C:\WINDOWS\System32\RPCRT4.dll
0x00007ff8f64d0000 - 0x00007ff8f6541000 	C:\WINDOWS\System32\WS2_32.dll
0x00007ff8ea050000 - 0x00007ff8ea084000 	C:\WINDOWS\SYSTEM32\WINMM.dll
0x00007ff8e9990000 - 0x00007ff8e999a000 	C:\WINDOWS\SYSTEM32\VERSION.dll
0x00007ff8f2820000 - 0x00007ff8f286d000 	C:\WINDOWS\SYSTEM32\POWRPROF.dll
0x00007ff8f2800000 - 0x00007ff8f2813000 	C:\WINDOWS\SYSTEM32\UMPDC.dll
0x00007ff8f2a20000 - 0x00007ff8f2a38000 	C:\WINDOWS\SYSTEM32\kernel.appcore.dll
0x00007ff8ddab0000 - 0x00007ff8ddaba000 	C:\Program Files\Android\Android Studio\jbr\bin\jimage.dll
0x00007ff8f15c0000 - 0x00007ff8f17f3000 	C:\WINDOWS\SYSTEM32\DBGHELP.DLL
0x00007ff8f5760000 - 0x00007ff8f5af3000 	C:\WINDOWS\System32\combase.dll
0x00007ff8f6590000 - 0x00007ff8f6667000 	C:\WINDOWS\System32\OLEAUT32.dll
0x00007ff8e89e0000 - 0x00007ff8e8a12000 	C:\WINDOWS\SYSTEM32\dbgcore.DLL
0x00007ff8f3a40000 - 0x00007ff8f3abb000 	C:\WINDOWS\System32\bcryptPrimitives.dll
0x00007ff8c4230000 - 0x00007ff8c4250000 	C:\Program Files\Android\Android Studio\jbr\bin\java.dll
0x00007ff8bfb60000 - 0x00007ff8bfb78000 	C:\Program Files\Android\Android Studio\jbr\bin\zip.dll
0x00007ff8f4cb0000 - 0x00007ff8f5552000 	C:\WINDOWS\System32\SHELL32.dll
0x00007ff8f3ff0000 - 0x00007ff8f412f000 	C:\WINDOWS\System32\wintypes.dll
0x00007ff8f18e0000 - 0x00007ff8f21fe000 	C:\WINDOWS\SYSTEM32\windows.storage.dll
0x00007ff8f6760000 - 0x00007ff8f686b000 	C:\WINDOWS\System32\SHCORE.dll
0x00007ff8f66d0000 - 0x00007ff8f6739000 	C:\WINDOWS\System32\shlwapi.dll
0x00007ff8f38d0000 - 0x00007ff8f38fb000 	C:\WINDOWS\SYSTEM32\profapi.dll
0x00007ff8dda50000 - 0x00007ff8dda60000 	C:\Program Files\Android\Android Studio\jbr\bin\net.dll
0x00007ff8e9f20000 - 0x00007ff8ea04c000 	C:\WINDOWS\SYSTEM32\WINHTTP.dll
0x00007ff8f2f40000 - 0x00007ff8f2fa9000 	C:\WINDOWS\system32\mswsock.dll
0x00007ff8bf9f0000 - 0x00007ff8bfa06000 	C:\Program Files\Android\Android Studio\jbr\bin\nio.dll
0x00007ff8f31a0000 - 0x00007ff8f31bb000 	C:\WINDOWS\SYSTEM32\CRYPTSP.dll
0x00007ff8f2a40000 - 0x00007ff8f2a77000 	C:\WINDOWS\system32\rsaenh.dll
0x00007ff8f3030000 - 0x00007ff8f3058000 	C:\WINDOWS\SYSTEM32\USERENV.dll
0x00007ff8f3190000 - 0x00007ff8f319c000 	C:\WINDOWS\SYSTEM32\CRYPTBASE.dll
0x00007ff8f24d0000 - 0x00007ff8f24fd000 	C:\WINDOWS\SYSTEM32\IPHLPAPI.DLL
0x00007ff8f4990000 - 0x00007ff8f4999000 	C:\WINDOWS\System32\NSI.dll
0x00007ff87b2a0000 - 0x00007ff87b2a8000 	C:\WINDOWS\system32\wshunix.dll
0x00007ff8dcd60000 - 0x00007ff8dcd69000 	C:\Program Files\Android\Android Studio\jbr\bin\extnet.dll

dbghelp: loaded successfully - version: 4.0.5 - missing functions: none
symbol engine: initialized successfully - sym options: 0x614 - pdb path: .;C:\Program Files\Android\Android Studio\jbr\bin;C:\WINDOWS\SYSTEM32;C:\WINDOWS\WinSxS\amd64_microsoft.windows.common-controls_6595b64144ccf1df_6.0.22621.5415_none_270d77d17387d7da;C:\Program Files\Android\Android Studio\jbr\bin\server

VM Arguments:
java_command: git4idea.http.GitAskPassApp Username for 'https://github.com': 
java_class_path (initial): C:/Program Files/Android/Android Studio/plugins/vcs-git/lib/git4idea-rt.jar;C:/Program Files/Android/Android Studio/lib/externalProcess-rt.jar
Launcher Type: SUN_STANDARD

[Global flags]
     intx CICompilerCount                          = 4                                         {product} {ergonomic}
     uint ConcGCThreads                            = 3                                         {product} {ergonomic}
     uint G1ConcRefinementThreads                  = 10                                        {product} {ergonomic}
   size_t G1HeapRegionSize                         = 2097152                                   {product} {ergonomic}
    uintx GCDrainStackTargetSize                   = 64                                        {product} {ergonomic}
   size_t InitialHeapSize                          = 266338304                                 {product} {ergonomic}
   size_t MarkStackSize                            = 4194304                                   {product} {ergonomic}
   size_t MaxHeapSize                              = 4238344192                                {product} {ergonomic}
   size_t MaxNewSize                               = 2541748224                                {product} {ergonomic}
   size_t MinHeapDeltaBytes                        = 2097152                                   {product} {ergonomic}
   size_t MinHeapSize                              = 8388608                                   {product} {ergonomic}
    uintx NonNMethodCodeHeapSize                   = 5839372                                {pd product} {ergonomic}
    uintx NonProfiledCodeHeapSize                  = 122909434                              {pd product} {ergonomic}
    uintx ProfiledCodeHeapSize                     = 122909434                              {pd product} {ergonomic}
    uintx ReservedCodeCacheSize                    = 251658240                              {pd product} {ergonomic}
     bool SegmentedCodeCache                       = true                                      {product} {ergonomic}
   size_t SoftMaxHeapSize                          = 4238344192                             {manageable} {ergonomic}
     bool UseCompressedOops                        = true                           {product lp64_product} {ergonomic}
     bool UseG1GC                                  = true                                      {product} {ergonomic}
     bool UseLargePagesIndividualAllocation        = false                                  {pd product} {ergonomic}

Logging:
Log output configuration:
 #0: stdout all=warning uptime,level,tags foldmultilines=false
 #1: stderr all=off uptime,level,tags foldmultilines=false

Environment Variables:
PATH=C:/Program Files/Git/mingw64/libexec/git-core;C:/Program Files/Git/mingw64/libexec/git-core;C:\Program Files\Git\mingw64\bin;C:\Program Files\Git\usr\bin;C:\Users\acer\bin;c:\Users\acer\AppData\Local\Programs\cursor\resources\app\bin;C:\Program Files\Google\Chrome\Application;C:\Program Files\ImageMagick-7.1.1-Q16-HDRI;C:\Program Files\Common Files\Oracle\Java\javapath;c:\Users\acer\AppData\Local\Programs\cursor\resources\app\bin;C:\Users\acer\AppData\Local\Programs\Python\Python311\Scripts;C:\Program Files (x86)\Common Files\Intel\Shared Libraries\redist\intel64\compiler;C:\Windows\system32;C:\Windows;C:\Windows\System32\Wbem;C:\Windows\System32\WindowsPowerShell\v1.0\;C:\Windows\System32\OpenSSH\;C:\Program Files (x86)\NVIDIA Corporation\PhysX\Common;C:\Program Files\NVIDIA Corporation\NVIDIA NvDLISR;C:\WINDOWS\system32;C:\WINDOWS;C:\WINDOWS\System32\Wbem;C:\WINDOWS\System32\WindowsPowerShell\v1.0\;C:\WINDOWS\System32\OpenSSH\;C:\Program Files\dotnet\;C:\Program Files (x86)\Microsoft SQL Server\160\Tools\Binn\;C:\Program Files\Microsoft SQL Server\160\Tools\Binn\;C:\Program Files\Microsoft SQL Server\Client SDK\ODBC\170\Tools\Binn\;C:\Program Files\Microsoft SQL Server\160\DT;C:\Program Files\Git\bin;C:\Users\acer\AppData\Local\Programs\Python\Python311\Scripts\;C:\Users\acer\AppData\Local\Programs\Python\Python311\;C:\Users\acer\AppData\Local\Programs\Python\Launcher\;C:\Users\acer\AppData\Local\Microsoft\WindowsApps;C:\Users\acer\AppData\Local\Programs\Python\Python311\Scripts;C:\Users\acer\AppData\Local\Programs\Python\Python311;C:\Program Files\Azure Data Studio\bin;C:\Users\acer\AppData\Local\Programs\Microsoft VS Code\bin;C:\Users\acer\AppData\Roaming\npm;E:\Ti li?u backend\PortableGit\bin;C:\Program Files\MongoDB\Server\8.0\bin;C:\Users\acer\AppData\Local\Programs\cursor\resources\app\bin
USERNAME=acer
DISPLAY=:0.0
LC_ALL=en_US.UTF-8
TERM=xterm-256color
TMPDIR=C:\Users\acer\AppData\Local\Temp
OS=Windows_NT
PROCESSOR_IDENTIFIER=Intel64 Family 6 Model 141 Stepping 1, GenuineIntel
TMP=C:\Users\acer\AppData\Local\Temp
TEMP=C:\Users\acer\AppData\Local\Temp




Periodic native trim disabled

JNI global refs:
JNI global refs: 20, weak refs: 0

JNI global refs memory usage: 835, weak refs: 201

Process memory usage:
Resident Set Size: 83548K (0% of 16551224K total physical memory with 564856K free physical memory)

OOME stack traces (most recent first):
Classloader memory used:
Loader bootstrap                                                                       : 15101K
Loader jdk.internal.loader.ClassLoaders$PlatformClassLoader                            : 1785K
Loader jdk.internal.loader.ClassLoaders$AppClassLoader                                 : 16448B

---------------  S Y S T E M  ---------------

OS:
 Windows 11 , 64 bit Build 22621 (10.0.22621.5415)
OS uptime: 1 days 4:05 hours

CPU: total 12 (initial active 12) (6 cores per cpu, 2 threads per core) family 6 model 141 stepping 1 microcode 0x3c, cx8, cmov, fxsr, ht, mmx, 3dnowpref, sse, sse2, sse3, ssse3, sse4.1, sse4.2, popcnt, lzcnt, tsc, tscinvbit, avx, avx2, aes, erms, clmul, bmi1, bmi2, adx, avx512f, avx512dq, avx512cd, avx512bw, avx512vl, sha, fma, vzeroupper, avx512_vpopcntdq, avx512_vpclmulqdq, avx512_vaes, avx512_vnni, clflush, clflushopt, clwb, avx512_vbmi2, avx512_vbmi, rdtscp, rdpid, fsrm, gfni, avx512_bitalg, f16c, pku, cet_ibt, cet_ss, avx512_ifma
Processor Information for the first 12 processors :
  Max Mhz: 2688, Current Mhz: 2688, Mhz Limit: 2688

Memory: 4k page, system-wide physical 16163M (552M free)
TotalPageFile size 40415M (AvailPageFile size 4M)
current process WorkingSet (physical memory assigned to process): 81M, peak: 83M
current process commit charge ("private bytes"): 364M, peak: 367M

vm_info: OpenJDK 64-Bit Server VM (21.0.6+-13355223-b631.42) for windows-amd64 JRE (21.0.6+-13355223-b631.42), built on 2025-04-14T18:21:23Z by "builder" with MS VC++ 16.10 / 16.11 (VS2019)

END.
