#
# There is insufficient memory for the Java Runtime Environment to continue.
# Native memory allocation (mmap) failed to map 266338304 bytes. Error detail: G1 virtual space
# Possible reasons:
#   The system is out of physical RAM or swap space
#   This process is running with CompressedOops enabled, and the Java Heap may be blocking the growth of the native heap
# Possible solutions:
#   Reduce memory load on the system
#   Increase physical memory or swap space
#   Check if swap backing store is full
#   Decrease Java heap size (-Xmx/-Xms)
#   Decrease number of Java threads
#   Decrease Java thread stack sizes (-Xss)
#   Set larger code cache with -XX:ReservedCodeCacheSize=
#   JVM is running with Zero Based Compressed Oops mode in which the Java heap is
#     placed in the first 32GB address space. The Java Heap base address is the
#     maximum limit for the native heap growth. Please use -XX:HeapBaseMinAddress
#     to set the Java Heap base and to place the Java Heap above 32GB virtual address.
# This output file may be truncated or incomplete.
#
#  Out of Memory Error (os_windows.cpp:3564), pid=26272, tid=22784
#
# JRE version:  (24.0.1+9) (build )
# Java VM: Java HotSpot(TM) 64-Bit Server VM (24.0.1+9-30, mixed mode, sharing, tiered, compressed oops, compressed class ptrs, g1 gc, windows-amd64)
# No core dump will be written. Minidumps are not enabled by default on client versions of Windows
#

---------------  S U M M A R Y ------------

Command Line: 

Host: 11th Gen Intel(R) Core(TM) i5-11400H @ 2.70GHz, 12 cores, 15G,  Windows 11 , 64 bit Build 22621 (10.0.22621.5415)
Time: Fri Jun 13 02:24:02 2025 SE Asia Standard Time elapsed time: 0.037038 seconds (0d 0h 0m 0s)

---------------  T H R E A D  ---------------

Current thread (0x00000225640a0db0):  JavaThread "Unknown thread" [_thread_in_vm, id=22784, stack(0x0000009484a00000,0x0000009484b00000) (1024K)]

Stack: [0x0000009484a00000,0x0000009484b00000]
Native frames: (J=compiled Java code, j=interpreted, Vv=VM code, C=native code)
V  [jvm.dll+0x730739]  (no source info available)
V  [jvm.dll+0x8d9b23]  (no source info available)
V  [jvm.dll+0x8dc00d]  (no source info available)
V  [jvm.dll+0x8dc683]  (no source info available)
V  [jvm.dll+0x2aa086]  (no source info available)
V  [jvm.dll+0x72cc65]  (no source info available)
V  [jvm.dll+0x72059a]  (no source info available)
V  [jvm.dll+0x390cea]  (no source info available)
V  [jvm.dll+0x3989f6]  (no source info available)
V  [jvm.dll+0x38523e]  (no source info available)
V  [jvm.dll+0x3854f8]  (no source info available)
V  [jvm.dll+0x35d0cc]  (no source info available)
V  [jvm.dll+0x35dd8d]  (no source info available)
V  [jvm.dll+0x89d28f]  (no source info available)
V  [jvm.dll+0x3f985d]  (no source info available)
V  [jvm.dll+0x8858e6]  (no source info available)
V  [jvm.dll+0x495f3e]  (no source info available)
V  [jvm.dll+0x497d11]  (no source info available)
C  [jli.dll+0x52a1]  (no source info available)
C  [ucrtbase.dll+0x29333]  (no source info available)
C  [KERNEL32.DLL+0x1259d]  (no source info available)
C  [ntdll.dll+0x5af78]  (no source info available)

Lock stack of current Java thread (top to bottom):


---------------  P R O C E S S  ---------------

Threads class SMR info:
_java_thread_list=0x00007ff8587df318, length=0, elements={
}

Java Threads: ( => current thread )
Total: 0

Other Threads:
  0x00000225664384a0 WorkerThread "GC Thread#0"                     [id=27048, stack(0x0000009484b00000,0x0000009484c00000) (1024K)]
  0x000002256644cfa0 ConcurrentGCThread "G1 Main Marker"            [id=12556, stack(0x0000009484c00000,0x0000009484d00000) (1024K)]
  0x000002256644d9b0 WorkerThread "G1 Conc#0"                       [id=1780, stack(0x0000009484d00000,0x0000009484e00000) (1024K)]

[error occurred during error reporting (printing all threads), id 0xc0000005, EXCEPTION_ACCESS_VIOLATION (0xc0000005) at pc=0x00007ff857f114ea]
VM state: not at safepoint (not fully initialized)

VM Mutex/Monitor currently owned by a thread:  ([mutex/lock_event])
[0x00007ff8588645b0] Heap_lock - owner thread: 0x00000225640a0db0

Heap address: 0x0000000703600000, size: 4042 MB, Compressed Oops mode: Zero based, Oop shift amount: 3

CDS archive(s) mapped at: [0x0000000000000000-0x0000000000000000-0x0000000000000000), size 0, SharedBaseAddress: 0x0000000800000000, ArchiveRelocationMode: 1.
UseCompressedClassPointers 1, UseCompactObjectHeaders 0
Narrow klass pointer bits 32, Max shift 3
Narrow klass base: 0xffffffffffffffff, Narrow klass shift: -1
Encoding Range: [0xffffffffffffffff - 0x000000007fffffff), (2147483648 bytes)
Klass Range:    [0x0000000000000000 - 0x0000000000000000), (0 bytes)
Klass ID Range:  [4294967295 - 0) (1)

GC Precious Log:
 CardTable entry size: 512
 Card Set container configuration: InlinePtr #cards 4 size 8 Array Of Cards #cards 16 size 48 Howl #buckets 8 coarsen threshold 3686 Howl Bitmap #cards 512 size 80 coarsen threshold 460 Card regions per heap region 1 cards per card region 4096

Heap:
 garbage-first heap   total reserved 4139008K, committed 0K, used 0K [0x0000000703600000, 0x0000000800000000)
  region size 2048K, 0 young (0K), 0 survivors (0K)

[error occurred during error reporting (printing heap information), id 0xc0000005, EXCEPTION_ACCESS_VIOLATION (0xc0000005) at pc=0x00007ff85832e3e9]
GC Heap History (0 events):
No events

Dll operation events (1 events):
Event: 0.021 Loaded shared library C:\Program Files\Java\jdk-24\bin\java.dll

Deoptimization events (0 events):
No events

Classes loaded (0 events):
No events

Classes unloaded (0 events):
No events

Classes redefined (0 events):
No events

Internal exceptions (0 events):
No events

VM Operations (0 events):
No events

Memory protections (0 events):
No events

Nmethod flushes (0 events):
No events

Events (0 events):
No events


Dynamic libraries:
0x00007ff6cbb40000 - 0x00007ff6cbb50000 	C:\Program Files\Java\jdk-24\bin\java.exe
0x00007ff8f68b0000 - 0x00007ff8f6ac7000 	C:\WINDOWS\SYSTEM32\ntdll.dll
0x00007ff8f5690000 - 0x00007ff8f5754000 	C:\WINDOWS\System32\KERNEL32.DLL
0x00007ff8f4130000 - 0x00007ff8f4502000 	C:\WINDOWS\System32\KERNELBASE.dll
0x00007ff8f3ac0000 - 0x00007ff8f3bd1000 	C:\WINDOWS\System32\ucrtbase.dll
0x00007ff8c4270000 - 0x00007ff8c428b000 	C:\Program Files\Java\jdk-24\bin\VCRUNTIME140.dll
0x00007ff8c6d50000 - 0x00007ff8c6d66000 	C:\Program Files\Java\jdk-24\bin\jli.dll
0x00007ff8f6300000 - 0x00007ff8f64b1000 	C:\WINDOWS\System32\USER32.dll
0x00007ff8e3a90000 - 0x00007ff8e3d2b000 	C:\WINDOWS\WinSxS\amd64_microsoft.windows.common-controls_6595b64144ccf1df_6.0.22621.5415_none_270d77d17387d7da\COMCTL32.dll
0x00007ff8f48e0000 - 0x00007ff8f4987000 	C:\WINDOWS\System32\msvcrt.dll
0x00007ff8f3e90000 - 0x00007ff8f3eb6000 	C:\WINDOWS\System32\win32u.dll
0x00007ff8f4770000 - 0x00007ff8f4799000 	C:\WINDOWS\System32\GDI32.dll
0x00007ff8f3ec0000 - 0x00007ff8f3fe3000 	C:\WINDOWS\System32\gdi32full.dll
0x00007ff8f39a0000 - 0x00007ff8f3a3a000 	C:\WINDOWS\System32\msvcp_win.dll
0x00007ff8f6550000 - 0x00007ff8f6581000 	C:\WINDOWS\System32\IMM32.DLL
0x00007ff8e7cc0000 - 0x00007ff8e7ccc000 	C:\Program Files\Java\jdk-24\bin\vcruntime140_1.dll
0x00007ff8bf8b0000 - 0x00007ff8bf93e000 	C:\Program Files\Java\jdk-24\bin\msvcp140.dll
0x00007ff857ba0000 - 0x00007ff858942000 	C:\Program Files\Java\jdk-24\bin\server\jvm.dll
0x00007ff8f47a0000 - 0x00007ff8f4851000 	C:\WINDOWS\System32\ADVAPI32.dll
0x00007ff8f5580000 - 0x00007ff8f5628000 	C:\WINDOWS\System32\sechost.dll
0x00007ff8f4510000 - 0x00007ff8f4538000 	C:\WINDOWS\System32\bcrypt.dll
0x00007ff8f4b90000 - 0x00007ff8f4ca4000 	C:\WINDOWS\System32\RPCRT4.dll
0x00007ff8f64d0000 - 0x00007ff8f6541000 	C:\WINDOWS\System32\WS2_32.dll
0x00007ff8f2820000 - 0x00007ff8f286d000 	C:\WINDOWS\SYSTEM32\POWRPROF.dll
0x00007ff8e9990000 - 0x00007ff8e999a000 	C:\WINDOWS\SYSTEM32\VERSION.dll
0x00007ff8ea050000 - 0x00007ff8ea084000 	C:\WINDOWS\SYSTEM32\WINMM.dll
0x00007ff8f2800000 - 0x00007ff8f2813000 	C:\WINDOWS\SYSTEM32\UMPDC.dll
0x00007ff8f2a20000 - 0x00007ff8f2a38000 	C:\WINDOWS\SYSTEM32\kernel.appcore.dll
0x00007ff8e7c60000 - 0x00007ff8e7c6a000 	C:\Program Files\Java\jdk-24\bin\jimage.dll
0x00007ff8f15c0000 - 0x00007ff8f17f3000 	C:\WINDOWS\SYSTEM32\DBGHELP.DLL
0x00007ff8f5760000 - 0x00007ff8f5af3000 	C:\WINDOWS\System32\combase.dll
0x00007ff8f6590000 - 0x00007ff8f6667000 	C:\WINDOWS\System32\OLEAUT32.dll
0x00007ff8e89e0000 - 0x00007ff8e8a12000 	C:\WINDOWS\SYSTEM32\dbgcore.DLL
0x00007ff8f3a40000 - 0x00007ff8f3abb000 	C:\WINDOWS\System32\bcryptPrimitives.dll
0x00007ff8c4250000 - 0x00007ff8c426e000 	C:\Program Files\Java\jdk-24\bin\java.dll
0x00007ff8f6160000 - 0x00007ff8f6300000 	C:\WINDOWS\System32\ole32.dll
0x00007ff8f4cb0000 - 0x00007ff8f5552000 	C:\WINDOWS\System32\SHELL32.dll
0x00007ff8f3ff0000 - 0x00007ff8f412f000 	C:\WINDOWS\System32\wintypes.dll

JVMTI agents: none

dbghelp: loaded successfully - version: 4.0.5 - missing functions: none
symbol engine: initialized successfully - sym options: 0x614 - pdb path: .;C:\Program Files\Java\jdk-24\bin;C:\WINDOWS\SYSTEM32;C:\WINDOWS\WinSxS\amd64_microsoft.windows.common-controls_6595b64144ccf1df_6.0.22621.5415_none_270d77d17387d7da;C:\Program Files\Java\jdk-24\bin\server

VM Arguments:
java_command: <unknown>
java_class_path (initial): <not set>
Launcher Type: SUN_STANDARD

[Global flags]
     intx CICompilerCount                          = 4                                         {product} {ergonomic}
     uint ConcGCThreads                            = 3                                         {product} {ergonomic}
     uint G1ConcRefinementThreads                  = 10                                        {product} {ergonomic}
   size_t G1HeapRegionSize                         = 2097152                                   {product} {ergonomic}
   size_t InitialHeapSize                          = 266338304                                 {product} {ergonomic}
   size_t MarkStackSize                            = 4194304                                   {product} {ergonomic}
   size_t MarkStackSizeMax                         = 536870912                                 {product} {ergonomic}
   size_t MaxHeapSize                              = 4238344192                                {product} {ergonomic}
   size_t MinHeapDeltaBytes                        = 2097152                                   {product} {ergonomic}
   size_t MinHeapSize                              = 8388608                                   {product} {ergonomic}
    uintx NonNMethodCodeHeapSize                   = 5832704                                {pd product} {ergonomic}
    uintx NonProfiledCodeHeapSize                  = 122945536                              {pd product} {ergonomic}
    uintx ProfiledCodeHeapSize                     = 122880000                              {pd product} {ergonomic}
    uintx ReservedCodeCacheSize                    = 251658240                              {pd product} {ergonomic}
     bool SegmentedCodeCache                       = true                                      {product} {ergonomic}
   size_t SoftMaxHeapSize                          = 4238344192                             {manageable} {ergonomic}
     bool UseCompressedOops                        = true                           {product lp64_product} {ergonomic}
     bool UseG1GC                                  = true                                      {product} {ergonomic}
     bool UseLargePagesIndividualAllocation        = false                                  {pd product} {ergonomic}

Logging:
Log output configuration:
 #0: stdout all=warning uptime,level,tags foldmultilines=false
 #1: stderr all=off uptime,level,tags foldmultilines=false

Environment Variables:
PATH=c:\Users\acer\AppData\Local\Programs\cursor\resources\app\bin;C:\Program Files\Google\Chrome\Application;C:\Program Files\ImageMagick-7.1.1-Q16-HDRI;C:\Program Files\Common Files\Oracle\Java\javapath;c:\Users\acer\AppData\Local\Programs\cursor\resources\app\bin;C:\Users\acer\AppData\Local\Programs\Python\Python311\Scripts;C:\Program Files (x86)\Common Files\Intel\Shared Libraries\redist\intel64\compiler;C:\Windows\system32;C:\Windows;C:\Windows\System32\Wbem;C:\Windows\System32\WindowsPowerShell\v1.0\;C:\Windows\System32\OpenSSH\;C:\Program Files (x86)\NVIDIA Corporation\PhysX\Common;C:\Program Files\NVIDIA Corporation\NVIDIA NvDLISR;C:\WINDOWS\system32;C:\WINDOWS;C:\WINDOWS\System32\Wbem;C:\WINDOWS\System32\WindowsPowerShell\v1.0\;C:\WINDOWS\System32\OpenSSH\;C:\Program Files\dotnet\;C:\Program Files (x86)\Microsoft SQL Server\160\Tools\Binn\;C:\Program Files\Microsoft SQL Server\160\Tools\Binn\;C:\Program Files\Microsoft SQL Server\Client SDK\ODBC\170\Tools\Binn\;C:\Program Files\Microsoft SQL Server\160\DT;C:\Program Files\Git\bin;C:\Users\acer\AppData\Local\Programs\Python\Python311\Scripts\;C:\Users\acer\AppData\Local\Programs\Python\Python311\;C:\Users\acer\AppData\Local\Programs\Python\Launcher\;C:\Users\acer\AppData\Local\Microsoft\WindowsApps;C:\Users\acer\AppData\Local\Programs\Python\Python311\Scripts;C:\Users\acer\AppData\Local\Programs\Python\Python311;C:\Program Files\Azure Data Studio\bin;C:\Users\acer\AppData\Local\Programs\Microsoft VS Code\bin;C:\Users\acer\AppData\Roaming\npm;E:\Tài li?u backend\PortableGit\bin;C:\Program Files\MongoDB\Server\8.0\bin;C:\Users\acer\AppData\Local\Programs\cursor\resources\app\bin
USERNAME=acer
LANG=en_US.UTF-8
OS=Windows_NT
PROCESSOR_IDENTIFIER=Intel64 Family 6 Model 141 Stepping 1, GenuineIntel
TMP=C:\Users\acer\AppData\Local\Temp
TEMP=C:\Users\acer\AppData\Local\Temp




Periodic native trim disabled

---------------  S Y S T E M  ---------------

OS:
 Windows 11 , 64 bit Build 22621 (10.0.22621.5415)
OS uptime: 0 days 20:39 hours

CPU: total 12 (initial active 12) (6 cores per cpu, 2 threads per core) family 6 model 141 stepping 1 microcode 0x3c, cx8, cmov, fxsr, ht, mmx, 3dnowpref, sse, sse2, sse3, ssse3, sse4.1, sse4.2, popcnt, lzcnt, tsc, tscinvbit, avx, avx2, aes, erms, clmul, bmi1, bmi2, adx, avx512f, avx512dq, avx512cd, avx512bw, avx512vl, sha, fma, vzeroupper, avx512_vpopcntdq, avx512_vpclmulqdq, avx512_vaes, avx512_vnni, clflush, clflushopt, clwb, avx512_vbmi2, avx512_vbmi, rdtscp, rdpid, fsrm, gfni, avx512_bitalg, f16c, pku, cet_ibt, cet_ss, avx512_ifma
Processor Information for the first 12 processors :
  Max Mhz: 2688, Current Mhz: 2688, Mhz Limit: 2688

Memory: 4k page, system-wide physical 16163M (973M free)
TotalPageFile size 40415M (AvailPageFile size 98M)
current process WorkingSet (physical memory assigned to process): 12M, peak: 12M
current process commit charge ("private bytes"): 65M, peak: 318M

vm_info: Java HotSpot(TM) 64-Bit Server VM (24.0.1+9-30) for windows-amd64 JRE (24.0.1+9-30), built on 2025-03-05T07:23:45Z with MS VC++ 17.6 (VS2022)

END.
